-- The C compiler identification is GNU 9.4.0
-- The CXX compiler identification is GNU 9.4.0
-- Detecting C compiler ABI info
-- Detecting C compiler ABI info - done
-- Check for working C compiler: /usr/bin/cc - skipped
-- Detecting C compile features
-- Detecting C compile features - done
-- Detecting CXX compiler ABI info
-- Detecting CXX compiler ABI info - done
-- Check for working CXX compiler: /usr/bin/c++ - skipped
-- Detecting CXX compile features
-- Detecting CXX compile features - done
-- Found ament_cmake: 0.9.12 (/opt/ros/foxy/share/ament_cmake/cmake)
-- Found PythonInterp: /usr/bin/python3 (found suitable version "3.8.10", minimum required is "3") 
-- Using PYTHON_EXECUTABLE: /usr/bin/python3
-- Found ament_lint_auto: 0.9.8 (/opt/ros/foxy/share/ament_lint_auto/cmake)
-- Added test 'copyright' to check source files copyright and LICENSE
-- Added test 'lint_cmake' to check CMake code style
-- Added test 'xmllint' to check XML markup files
-- Configuring done
-- Generating done
-- Build files have been written to: /home/jakob/Desktop/Dynamic-System-Programming-HW/practice/ros2_ws/build/midterm
-- Install configuration: ""
-- Installing: /home/jakob/Desktop/Dynamic-System-Programming-HW/practice/ros2_ws/install/midterm/share/ament_index/resource_index/package_run_dependencies/midterm
-- Installing: /home/jakob/Desktop/Dynamic-System-Programming-HW/practice/ros2_ws/install/midterm/share/ament_index/resource_index/parent_prefix_path/midterm
-- Installing: /home/jakob/Desktop/Dynamic-System-Programming-HW/practice/ros2_ws/install/midterm/share/midterm/environment/ament_prefix_path.sh
-- Installing: /home/jakob/Desktop/Dynamic-System-Programming-HW/practice/ros2_ws/install/midterm/share/midterm/environment/ament_prefix_path.dsv
-- Installing: /home/jakob/Desktop/Dynamic-System-Programming-HW/practice/ros2_ws/install/midterm/share/midterm/environment/path.sh
-- Installing: /home/jakob/Desktop/Dynamic-System-Programming-HW/practice/ros2_ws/install/midterm/share/midterm/environment/path.dsv
-- Installing: /home/jakob/Desktop/Dynamic-System-Programming-HW/practice/ros2_ws/install/midterm/share/midterm/local_setup.bash
-- Installing: /home/jakob/Desktop/Dynamic-System-Programming-HW/practice/ros2_ws/install/midterm/share/midterm/local_setup.sh
-- Installing: /home/jakob/Desktop/Dynamic-System-Programming-HW/practice/ros2_ws/install/midterm/share/midterm/local_setup.zsh
-- Installing: /home/jakob/Desktop/Dynamic-System-Programming-HW/practice/ros2_ws/install/midterm/share/midterm/local_setup.dsv
-- Installing: /home/jakob/Desktop/Dynamic-System-Programming-HW/practice/ros2_ws/install/midterm/share/midterm/package.dsv
-- Installing: /home/jakob/Desktop/Dynamic-System-Programming-HW/practice/ros2_ws/install/midterm/share/ament_index/resource_index/packages/midterm
-- Installing: /home/jakob/Desktop/Dynamic-System-Programming-HW/practice/ros2_ws/install/midterm/share/midterm/cmake/midtermConfig.cmake
-- Installing: /home/jakob/Desktop/Dynamic-System-Programming-HW/practice/ros2_ws/install/midterm/share/midterm/cmake/midtermConfig-version.cmake
-- Installing: /home/jakob/Desktop/Dynamic-System-Programming-HW/practice/ros2_ws/install/midterm/share/midterm/package.xml
