[0.018s] Invoking command in '/home/jakob/Desktop/Dynamic-System-Programming-HW/practice/ros2_ws/build/midterm': CMAKE_PREFIX_PATH=/opt/ros/foxy /home/jakob/.local/bin/cmake /home/jakob/Desktop/Dynamic-System-Programming-HW/practice/ros2_ws/src/midterm -DCMAKE_INSTALL_PREFIX=/home/jakob/Desktop/Dynamic-System-Programming-HW/practice/ros2_ws/install/midterm
[0.099s] -- The C compiler identification is GNU 9.4.0
[0.161s] -- The CXX compiler identification is GNU 9.4.0
[0.175s] -- Detecting C compiler ABI info
[0.225s] -- Detecting C compiler ABI info - done
[0.235s] -- Check for working C compiler: /usr/bin/cc - skipped
[0.236s] -- Detecting C compile features
[0.236s] -- Detecting C compile features - done
[0.239s] -- Detecting CXX compiler ABI info
[0.290s] -- Detecting CXX compiler ABI info - done
[0.296s] -- Check for working CXX compiler: /usr/bin/c++ - skipped
[0.297s] -- Detecting CXX compile features
[0.297s] -- Detecting CXX compile features - done
[0.299s] -- Found ament_cmake: 0.9.12 (/opt/ros/foxy/share/ament_cmake/cmake)
[0.320s] -- Found PythonInterp: /usr/bin/python3 (found suitable version "3.8.10", minimum required is "3") 
[0.320s] -- Using PYTHON_EXECUTABLE: /usr/bin/python3
[0.471s] -- Found ament_lint_auto: 0.9.8 (/opt/ros/foxy/share/ament_lint_auto/cmake)
[0.526s] -- Added test 'copyright' to check source files copyright and LICENSE
[0.527s] -- Added test 'lint_cmake' to check CMake code style
[0.527s] -- Added test 'xmllint' to check XML markup files
[0.528s] -- Configuring done
[0.530s] -- Generating done
[0.530s] -- Build files have been written to: /home/jakob/Desktop/Dynamic-System-Programming-HW/practice/ros2_ws/build/midterm
[0.535s] Invoked command in '/home/jakob/Desktop/Dynamic-System-Programming-HW/practice/ros2_ws/build/midterm' returned '0': CMAKE_PREFIX_PATH=/opt/ros/foxy /home/jakob/.local/bin/cmake /home/jakob/Desktop/Dynamic-System-Programming-HW/practice/ros2_ws/src/midterm -DCMAKE_INSTALL_PREFIX=/home/jakob/Desktop/Dynamic-System-Programming-HW/practice/ros2_ws/install/midterm
[0.538s] Invoking command in '/home/jakob/Desktop/Dynamic-System-Programming-HW/practice/ros2_ws/build/midterm': CMAKE_PREFIX_PATH=/opt/ros/foxy /home/jakob/.local/bin/cmake --build /home/jakob/Desktop/Dynamic-System-Programming-HW/practice/ros2_ws/build/midterm -- -j12 -l12
[0.575s] Invoked command in '/home/jakob/Desktop/Dynamic-System-Programming-HW/practice/ros2_ws/build/midterm' returned '0': CMAKE_PREFIX_PATH=/opt/ros/foxy /home/jakob/.local/bin/cmake --build /home/jakob/Desktop/Dynamic-System-Programming-HW/practice/ros2_ws/build/midterm -- -j12 -l12
[0.638s] Invoking command in '/home/jakob/Desktop/Dynamic-System-Programming-HW/practice/ros2_ws/build/midterm': CMAKE_PREFIX_PATH=/opt/ros/foxy /home/jakob/.local/bin/cmake --install /home/jakob/Desktop/Dynamic-System-Programming-HW/practice/ros2_ws/build/midterm
[0.660s] -- Install configuration: ""
[0.660s] -- Installing: /home/jakob/Desktop/Dynamic-System-Programming-HW/practice/ros2_ws/install/midterm/share/ament_index/resource_index/package_run_dependencies/midterm
[0.661s] -- Installing: /home/jakob/Desktop/Dynamic-System-Programming-HW/practice/ros2_ws/install/midterm/share/ament_index/resource_index/parent_prefix_path/midterm
[0.661s] -- Installing: /home/jakob/Desktop/Dynamic-System-Programming-HW/practice/ros2_ws/install/midterm/share/midterm/environment/ament_prefix_path.sh
[0.661s] -- Installing: /home/jakob/Desktop/Dynamic-System-Programming-HW/practice/ros2_ws/install/midterm/share/midterm/environment/ament_prefix_path.dsv
[0.661s] -- Installing: /home/jakob/Desktop/Dynamic-System-Programming-HW/practice/ros2_ws/install/midterm/share/midterm/environment/path.sh
[0.661s] -- Installing: /home/jakob/Desktop/Dynamic-System-Programming-HW/practice/ros2_ws/install/midterm/share/midterm/environment/path.dsv
[0.661s] -- Installing: /home/jakob/Desktop/Dynamic-System-Programming-HW/practice/ros2_ws/install/midterm/share/midterm/local_setup.bash
[0.662s] -- Installing: /home/jakob/Desktop/Dynamic-System-Programming-HW/practice/ros2_ws/install/midterm/share/midterm/local_setup.sh
[0.662s] -- Installing: /home/jakob/Desktop/Dynamic-System-Programming-HW/practice/ros2_ws/install/midterm/share/midterm/local_setup.zsh
[0.662s] -- Installing: /home/jakob/Desktop/Dynamic-System-Programming-HW/practice/ros2_ws/install/midterm/share/midterm/local_setup.dsv
[0.662s] -- Installing: /home/jakob/Desktop/Dynamic-System-Programming-HW/practice/ros2_ws/install/midterm/share/midterm/package.dsv
[0.662s] -- Installing: /home/jakob/Desktop/Dynamic-System-Programming-HW/practice/ros2_ws/install/midterm/share/ament_index/resource_index/packages/midterm
[0.662s] -- Installing: /home/jakob/Desktop/Dynamic-System-Programming-HW/practice/ros2_ws/install/midterm/share/midterm/cmake/midtermConfig.cmake
[0.663s] -- Installing: /home/jakob/Desktop/Dynamic-System-Programming-HW/practice/ros2_ws/install/midterm/share/midterm/cmake/midtermConfig-version.cmake
[0.663s] -- Installing: /home/jakob/Desktop/Dynamic-System-Programming-HW/practice/ros2_ws/install/midterm/share/midterm/package.xml
[0.668s] Invoked command in '/home/jakob/Desktop/Dynamic-System-Programming-HW/practice/ros2_ws/build/midterm' returned '0': CMAKE_PREFIX_PATH=/opt/ros/foxy /home/jakob/.local/bin/cmake --install /home/jakob/Desktop/Dynamic-System-Programming-HW/practice/ros2_ws/build/midterm
