[1.180s] DEBUG:colcon:Command line arguments: ['/usr/bin/colcon', 'build']
[1.181s] DEBUG:colcon:Parsed command line arguments: Namespace(log_base=None, log_level=None, verb_name='build', build_base='build', install_base='install', merge_install=False, symlink_install=False, test_result_base=None, continue_on_error=False, executor='parallel', parallel_workers=4, event_handlers=None, ignore_user_meta=False, metas=['./colcon.meta'], base_paths=['.'], packages_ignore=None, packages_ignore_regex=None, paths=None, packages_up_to=None, packages_up_to_regex=None, packages_above=None, packages_above_and_dependencies=None, packages_above_depth=None, packages_select_by_dep=None, packages_skip_by_dep=None, packages_skip_up_to=None, packages_select_build_failed=False, packages_skip_build_finished=False, packages_select_test_failures=False, packages_skip_test_passed=False, packages_select=None, packages_skip=None, packages_select_regex=None, packages_skip_regex=None, packages_start=None, packages_end=None, allow_overriding=[], cmake_args=None, cmake_target=None, cmake_target_skip_unavailable=False, cmake_clean_cache=False, cmake_clean_first=False, cmake_force_configure=False, ament_cmake_args=None, catkin_cmake_args=None, catkin_skip_building_tests=False, verb_parser=<colcon_defaults.argument_parser.defaults.DefaultArgumentsDecorator object at 0x7f538fd29b70>, verb_extension=<colcon_core.verb.build.BuildVerb object at 0x7f539003ec20>, main=<bound method BuildVerb.main of <colcon_core.verb.build.BuildVerb object at 0x7f539003ec20>>)
[1.229s] Level 1:colcon.colcon_core.package_discovery:discover_packages(colcon_meta) check parameters
[1.229s] Level 1:colcon.colcon_core.package_discovery:discover_packages(recursive) check parameters
[1.229s] Level 1:colcon.colcon_core.package_discovery:discover_packages(ignore) check parameters
[1.229s] Level 1:colcon.colcon_core.package_discovery:discover_packages(path) check parameters
[1.229s] Level 1:colcon.colcon_core.package_discovery:discover_packages(colcon_meta) discover
[1.229s] Level 1:colcon.colcon_core.package_discovery:discover_packages(recursive) discover
[1.229s] INFO:colcon.colcon_core.package_discovery:Crawling recursively for packages in '/home/jisang/Dynamic-System-Programming-HW/hw3/rosws'
[1.229s] Level 1:colcon.colcon_core.package_identification:_identify(.) by extensions ['ignore', 'ignore_ament_install']
[1.229s] Level 1:colcon.colcon_core.package_identification:_identify(.) by extension 'ignore'
[1.229s] Level 1:colcon.colcon_core.package_identification:_identify(.) by extension 'ignore_ament_install'
[1.229s] Level 1:colcon.colcon_core.package_identification:_identify(.) by extensions ['colcon_pkg']
[1.229s] Level 1:colcon.colcon_core.package_identification:_identify(.) by extension 'colcon_pkg'
[1.229s] Level 1:colcon.colcon_core.package_identification:_identify(.) by extensions ['colcon_meta']
[1.230s] Level 1:colcon.colcon_core.package_identification:_identify(.) by extension 'colcon_meta'
[1.230s] Level 1:colcon.colcon_core.package_identification:_identify(.) by extensions ['ros']
[1.230s] Level 1:colcon.colcon_core.package_identification:_identify(.) by extension 'ros'
[1.242s] Level 1:colcon.colcon_core.package_identification:_identify(.) by extensions ['cmake', 'python']
[1.242s] Level 1:colcon.colcon_core.package_identification:_identify(.) by extension 'cmake'
[1.242s] Level 1:colcon.colcon_core.package_identification:_identify(.) by extension 'python'
[1.242s] Level 1:colcon.colcon_core.package_identification:_identify(.) by extensions ['python_setup_py']
[1.242s] Level 1:colcon.colcon_core.package_identification:_identify(.) by extension 'python_setup_py'
[1.242s] Level 1:colcon.colcon_core.package_identification:_identify(build) by extensions ['ignore', 'ignore_ament_install']
[1.242s] Level 1:colcon.colcon_core.package_identification:_identify(build) by extension 'ignore'
[1.242s] Level 1:colcon.colcon_core.package_identification:_identify(build) ignored
[1.243s] Level 1:colcon.colcon_core.package_identification:_identify(install) by extensions ['ignore', 'ignore_ament_install']
[1.243s] Level 1:colcon.colcon_core.package_identification:_identify(install) by extension 'ignore'
[1.243s] Level 1:colcon.colcon_core.package_identification:_identify(install) ignored
[1.243s] Level 1:colcon.colcon_core.package_identification:_identify(log) by extensions ['ignore', 'ignore_ament_install']
[1.243s] Level 1:colcon.colcon_core.package_identification:_identify(log) by extension 'ignore'
[1.243s] Level 1:colcon.colcon_core.package_identification:_identify(log) ignored
[1.243s] Level 1:colcon.colcon_core.package_identification:_identify(src) by extensions ['ignore', 'ignore_ament_install']
[1.243s] Level 1:colcon.colcon_core.package_identification:_identify(src) by extension 'ignore'
[1.243s] Level 1:colcon.colcon_core.package_identification:_identify(src) by extension 'ignore_ament_install'
[1.243s] Level 1:colcon.colcon_core.package_identification:_identify(src) by extensions ['colcon_pkg']
[1.243s] Level 1:colcon.colcon_core.package_identification:_identify(src) by extension 'colcon_pkg'
[1.243s] Level 1:colcon.colcon_core.package_identification:_identify(src) by extensions ['colcon_meta']
[1.243s] Level 1:colcon.colcon_core.package_identification:_identify(src) by extension 'colcon_meta'
[1.244s] Level 1:colcon.colcon_core.package_identification:_identify(src) by extensions ['ros']
[1.244s] Level 1:colcon.colcon_core.package_identification:_identify(src) by extension 'ros'
[1.244s] Level 1:colcon.colcon_core.package_identification:_identify(src) by extensions ['cmake', 'python']
[1.244s] Level 1:colcon.colcon_core.package_identification:_identify(src) by extension 'cmake'
[1.244s] Level 1:colcon.colcon_core.package_identification:_identify(src) by extension 'python'
[1.244s] Level 1:colcon.colcon_core.package_identification:_identify(src) by extensions ['python_setup_py']
[1.244s] Level 1:colcon.colcon_core.package_identification:_identify(src) by extension 'python_setup_py'
[1.244s] Level 1:colcon.colcon_core.package_identification:_identify(src/four_bar_linkage) by extensions ['ignore', 'ignore_ament_install']
[1.244s] Level 1:colcon.colcon_core.package_identification:_identify(src/four_bar_linkage) by extension 'ignore'
[1.244s] Level 1:colcon.colcon_core.package_identification:_identify(src/four_bar_linkage) by extension 'ignore_ament_install'
[1.244s] Level 1:colcon.colcon_core.package_identification:_identify(src/four_bar_linkage) by extensions ['colcon_pkg']
[1.244s] Level 1:colcon.colcon_core.package_identification:_identify(src/four_bar_linkage) by extension 'colcon_pkg'
[1.244s] Level 1:colcon.colcon_core.package_identification:_identify(src/four_bar_linkage) by extensions ['colcon_meta']
[1.244s] Level 1:colcon.colcon_core.package_identification:_identify(src/four_bar_linkage) by extension 'colcon_meta'
[1.244s] Level 1:colcon.colcon_core.package_identification:_identify(src/four_bar_linkage) by extensions ['ros']
[1.244s] Level 1:colcon.colcon_core.package_identification:_identify(src/four_bar_linkage) by extension 'ros'
[1.247s] DEBUG:colcon.colcon_core.package_identification:Package 'src/four_bar_linkage' with type 'ros.ament_cmake' and name 'four_bar_linkage'
[1.247s] Level 1:colcon.colcon_core.package_discovery:discover_packages(recursive) using defaults
[1.247s] Level 1:colcon.colcon_core.package_discovery:discover_packages(ignore) discover
[1.247s] Level 1:colcon.colcon_core.package_discovery:discover_packages(ignore) using defaults
[1.247s] Level 1:colcon.colcon_core.package_discovery:discover_packages(path) discover
[1.247s] Level 1:colcon.colcon_core.package_discovery:discover_packages(path) using defaults
[1.347s] Level 1:colcon.colcon_core.package_discovery:discover_packages(prefix_path) check parameters
[1.347s] Level 1:colcon.colcon_core.package_discovery:discover_packages(prefix_path) discover
[1.381s] DEBUG:colcon.colcon_installed_package_information.package_discovery:Found 1 installed packages in /home/jisang/Dynamic-System-Programming-HW/hw3/rosws/install
[1.398s] DEBUG:colcon.colcon_installed_package_information.package_discovery:Found 346 installed packages in /opt/ros/humble
[1.400s] Level 1:colcon.colcon_core.package_discovery:discover_packages(prefix_path) using defaults
[1.522s] Level 5:colcon.colcon_core.verb:set package 'four_bar_linkage' build argument 'cmake_args' from command line to 'None'
[1.522s] Level 5:colcon.colcon_core.verb:set package 'four_bar_linkage' build argument 'cmake_target' from command line to 'None'
[1.522s] Level 5:colcon.colcon_core.verb:set package 'four_bar_linkage' build argument 'cmake_target_skip_unavailable' from command line to 'False'
[1.522s] Level 5:colcon.colcon_core.verb:set package 'four_bar_linkage' build argument 'cmake_clean_cache' from command line to 'False'
[1.522s] Level 5:colcon.colcon_core.verb:set package 'four_bar_linkage' build argument 'cmake_clean_first' from command line to 'False'
[1.522s] Level 5:colcon.colcon_core.verb:set package 'four_bar_linkage' build argument 'cmake_force_configure' from command line to 'False'
[1.522s] Level 5:colcon.colcon_core.verb:set package 'four_bar_linkage' build argument 'ament_cmake_args' from command line to 'None'
[1.522s] Level 5:colcon.colcon_core.verb:set package 'four_bar_linkage' build argument 'catkin_cmake_args' from command line to 'None'
[1.522s] Level 5:colcon.colcon_core.verb:set package 'four_bar_linkage' build argument 'catkin_skip_building_tests' from command line to 'False'
[1.522s] DEBUG:colcon.colcon_core.verb:Building package 'four_bar_linkage' with the following arguments: {'ament_cmake_args': None, 'build_base': '/home/jisang/Dynamic-System-Programming-HW/hw3/rosws/build/four_bar_linkage', 'catkin_cmake_args': None, 'catkin_skip_building_tests': False, 'cmake_args': None, 'cmake_clean_cache': False, 'cmake_clean_first': False, 'cmake_force_configure': False, 'cmake_target': None, 'cmake_target_skip_unavailable': False, 'install_base': '/home/jisang/Dynamic-System-Programming-HW/hw3/rosws/install/four_bar_linkage', 'merge_install': False, 'path': '/home/jisang/Dynamic-System-Programming-HW/hw3/rosws/src/four_bar_linkage', 'symlink_install': False, 'test_result_base': None}
[1.539s] INFO:colcon.colcon_core.executor:Executing jobs using 'parallel' executor
[1.556s] DEBUG:colcon.colcon_parallel_executor.executor.parallel:run_until_complete
[1.556s] INFO:colcon.colcon_ros.task.ament_cmake.build:Building ROS package in '/home/jisang/Dynamic-System-Programming-HW/hw3/rosws/src/four_bar_linkage' with build type 'ament_cmake'
[1.556s] INFO:colcon.colcon_cmake.task.cmake.build:Building CMake package in '/home/jisang/Dynamic-System-Programming-HW/hw3/rosws/src/four_bar_linkage'
[1.576s] INFO:colcon.colcon_core.plugin_system:Skipping extension 'colcon_core.shell.bat': Not used on non-Windows systems
[1.577s] INFO:colcon.colcon_core.shell:Skip shell extension 'powershell' for command environment: Not usable outside of PowerShell
[1.577s] DEBUG:colcon.colcon_core.shell:Skip shell extension 'dsv' for command environment
[1.637s] DEBUG:colcon.colcon_core.event_handler.log_command:Invoking command in '/home/jisang/Dynamic-System-Programming-HW/hw3/rosws/build/four_bar_linkage': CMAKE_PREFIX_PATH=${CMAKE_PREFIX_PATH}:/opt/ros/humble /usr/bin/cmake --build /home/jisang/Dynamic-System-Programming-HW/hw3/rosws/build/four_bar_linkage -- -j4 -l4
[1.672s] DEBUG:colcon.colcon_core.event_handler.log_command:Invoked command in '/home/jisang/Dynamic-System-Programming-HW/hw3/rosws/build/four_bar_linkage' returned '0': CMAKE_PREFIX_PATH=${CMAKE_PREFIX_PATH}:/opt/ros/humble /usr/bin/cmake --build /home/jisang/Dynamic-System-Programming-HW/hw3/rosws/build/four_bar_linkage -- -j4 -l4
[1.701s] DEBUG:colcon.colcon_core.event_handler.log_command:Invoking command in '/home/jisang/Dynamic-System-Programming-HW/hw3/rosws/build/four_bar_linkage': CMAKE_PREFIX_PATH=${CMAKE_PREFIX_PATH}:/opt/ros/humble /usr/bin/cmake --install /home/jisang/Dynamic-System-Programming-HW/hw3/rosws/build/four_bar_linkage
[1.713s] Level 1:colcon.colcon_core.environment:create_environment_scripts_only(four_bar_linkage)
[1.713s] DEBUG:colcon.colcon_core.event_handler.log_command:Invoked command in '/home/jisang/Dynamic-System-Programming-HW/hw3/rosws/build/four_bar_linkage' returned '0': CMAKE_PREFIX_PATH=${CMAKE_PREFIX_PATH}:/opt/ros/humble /usr/bin/cmake --install /home/jisang/Dynamic-System-Programming-HW/hw3/rosws/build/four_bar_linkage
[1.730s] Level 1:colcon.colcon_core.environment:checking '/home/jisang/Dynamic-System-Programming-HW/hw3/rosws/install/four_bar_linkage' for CMake module files
[1.731s] Level 1:colcon.colcon_core.environment:checking '/home/jisang/Dynamic-System-Programming-HW/hw3/rosws/install/four_bar_linkage' for CMake config files
[1.731s] Level 1:colcon.colcon_core.shell:create_environment_hook('four_bar_linkage', 'cmake_prefix_path')
[1.747s] INFO:colcon.colcon_core.shell:Creating environment hook '/home/jisang/Dynamic-System-Programming-HW/hw3/rosws/install/four_bar_linkage/share/four_bar_linkage/hook/cmake_prefix_path.ps1'
[1.748s] INFO:colcon.colcon_core.shell:Creating environment descriptor '/home/jisang/Dynamic-System-Programming-HW/hw3/rosws/install/four_bar_linkage/share/four_bar_linkage/hook/cmake_prefix_path.dsv'
[1.748s] INFO:colcon.colcon_core.shell:Creating environment hook '/home/jisang/Dynamic-System-Programming-HW/hw3/rosws/install/four_bar_linkage/share/four_bar_linkage/hook/cmake_prefix_path.sh'
[1.749s] Level 1:colcon.colcon_core.environment:checking '/home/jisang/Dynamic-System-Programming-HW/hw3/rosws/install/four_bar_linkage/bin'
[1.750s] Level 1:colcon.colcon_core.environment:checking '/home/jisang/Dynamic-System-Programming-HW/hw3/rosws/install/four_bar_linkage/lib/pkgconfig/four_bar_linkage.pc'
[1.750s] Level 1:colcon.colcon_core.environment:checking '/home/jisang/Dynamic-System-Programming-HW/hw3/rosws/install/four_bar_linkage/lib/python3.10/site-packages'
[1.750s] Level 1:colcon.colcon_core.environment:checking '/home/jisang/Dynamic-System-Programming-HW/hw3/rosws/install/four_bar_linkage/bin'
[1.766s] INFO:colcon.colcon_core.shell:Creating package script '/home/jisang/Dynamic-System-Programming-HW/hw3/rosws/install/four_bar_linkage/share/four_bar_linkage/package.ps1'
[1.767s] INFO:colcon.colcon_core.shell:Creating package descriptor '/home/jisang/Dynamic-System-Programming-HW/hw3/rosws/install/four_bar_linkage/share/four_bar_linkage/package.dsv'
[1.768s] INFO:colcon.colcon_core.shell:Creating package script '/home/jisang/Dynamic-System-Programming-HW/hw3/rosws/install/four_bar_linkage/share/four_bar_linkage/package.sh'
[1.769s] INFO:colcon.colcon_core.shell:Creating package script '/home/jisang/Dynamic-System-Programming-HW/hw3/rosws/install/four_bar_linkage/share/four_bar_linkage/package.bash'
[1.769s] INFO:colcon.colcon_core.shell:Creating package script '/home/jisang/Dynamic-System-Programming-HW/hw3/rosws/install/four_bar_linkage/share/four_bar_linkage/package.zsh'
[1.770s] Level 1:colcon.colcon_core.environment:create_file_with_runtime_dependencies(/home/jisang/Dynamic-System-Programming-HW/hw3/rosws/install/four_bar_linkage/share/colcon-core/packages/four_bar_linkage)
[1.807s] Level 1:colcon.colcon_core.environment:create_environment_scripts_only(four_bar_linkage)
[1.823s] Level 1:colcon.colcon_core.environment:checking '/home/jisang/Dynamic-System-Programming-HW/hw3/rosws/install/four_bar_linkage' for CMake module files
[1.823s] Level 1:colcon.colcon_core.environment:checking '/home/jisang/Dynamic-System-Programming-HW/hw3/rosws/install/four_bar_linkage' for CMake config files
[1.824s] Level 1:colcon.colcon_core.shell:create_environment_hook('four_bar_linkage', 'cmake_prefix_path')
[1.839s] INFO:colcon.colcon_core.shell:Creating environment hook '/home/jisang/Dynamic-System-Programming-HW/hw3/rosws/install/four_bar_linkage/share/four_bar_linkage/hook/cmake_prefix_path.ps1'
[1.840s] INFO:colcon.colcon_core.shell:Creating environment descriptor '/home/jisang/Dynamic-System-Programming-HW/hw3/rosws/install/four_bar_linkage/share/four_bar_linkage/hook/cmake_prefix_path.dsv'
[1.840s] INFO:colcon.colcon_core.shell:Creating environment hook '/home/jisang/Dynamic-System-Programming-HW/hw3/rosws/install/four_bar_linkage/share/four_bar_linkage/hook/cmake_prefix_path.sh'
[1.841s] Level 1:colcon.colcon_core.environment:checking '/home/jisang/Dynamic-System-Programming-HW/hw3/rosws/install/four_bar_linkage/bin'
[1.841s] Level 1:colcon.colcon_core.environment:checking '/home/jisang/Dynamic-System-Programming-HW/hw3/rosws/install/four_bar_linkage/lib/pkgconfig/four_bar_linkage.pc'
[1.841s] Level 1:colcon.colcon_core.environment:checking '/home/jisang/Dynamic-System-Programming-HW/hw3/rosws/install/four_bar_linkage/lib/python3.10/site-packages'
[1.842s] Level 1:colcon.colcon_core.environment:checking '/home/jisang/Dynamic-System-Programming-HW/hw3/rosws/install/four_bar_linkage/bin'
[1.858s] INFO:colcon.colcon_core.shell:Creating package script '/home/jisang/Dynamic-System-Programming-HW/hw3/rosws/install/four_bar_linkage/share/four_bar_linkage/package.ps1'
[1.858s] INFO:colcon.colcon_core.shell:Creating package descriptor '/home/jisang/Dynamic-System-Programming-HW/hw3/rosws/install/four_bar_linkage/share/four_bar_linkage/package.dsv'
[1.859s] INFO:colcon.colcon_core.shell:Creating package script '/home/jisang/Dynamic-System-Programming-HW/hw3/rosws/install/four_bar_linkage/share/four_bar_linkage/package.sh'
[1.859s] INFO:colcon.colcon_core.shell:Creating package script '/home/jisang/Dynamic-System-Programming-HW/hw3/rosws/install/four_bar_linkage/share/four_bar_linkage/package.bash'
[1.860s] INFO:colcon.colcon_core.shell:Creating package script '/home/jisang/Dynamic-System-Programming-HW/hw3/rosws/install/four_bar_linkage/share/four_bar_linkage/package.zsh'
[1.860s] Level 1:colcon.colcon_core.environment:create_file_with_runtime_dependencies(/home/jisang/Dynamic-System-Programming-HW/hw3/rosws/install/four_bar_linkage/share/colcon-core/packages/four_bar_linkage)
[1.861s] DEBUG:colcon.colcon_parallel_executor.executor.parallel:closing loop
[1.861s] DEBUG:colcon.colcon_parallel_executor.executor.parallel:loop closed
[1.862s] DEBUG:colcon.colcon_parallel_executor.executor.parallel:run_until_complete finished with '0'
[1.862s] DEBUG:colcon.colcon_core.event_reactor:joining thread
[1.863s] DEBUG:colcon.colcon_core.event_reactor:joined thread
[1.881s] INFO:colcon.colcon_core.shell:Creating prefix script '/home/jisang/Dynamic-System-Programming-HW/hw3/rosws/install/local_setup.ps1'
[1.882s] INFO:colcon.colcon_core.shell:Creating prefix util module '/home/jisang/Dynamic-System-Programming-HW/hw3/rosws/install/_local_setup_util_ps1.py'
[1.884s] INFO:colcon.colcon_core.shell:Creating prefix chain script '/home/jisang/Dynamic-System-Programming-HW/hw3/rosws/install/setup.ps1'
[1.905s] INFO:colcon.colcon_core.shell:Creating prefix script '/home/jisang/Dynamic-System-Programming-HW/hw3/rosws/install/local_setup.sh'
[1.906s] INFO:colcon.colcon_core.shell:Creating prefix util module '/home/jisang/Dynamic-System-Programming-HW/hw3/rosws/install/_local_setup_util_sh.py'
[1.906s] INFO:colcon.colcon_core.shell:Creating prefix chain script '/home/jisang/Dynamic-System-Programming-HW/hw3/rosws/install/setup.sh'
[1.924s] INFO:colcon.colcon_core.shell:Creating prefix script '/home/jisang/Dynamic-System-Programming-HW/hw3/rosws/install/local_setup.bash'
[1.925s] INFO:colcon.colcon_core.shell:Creating prefix chain script '/home/jisang/Dynamic-System-Programming-HW/hw3/rosws/install/setup.bash'
[1.941s] INFO:colcon.colcon_core.shell:Creating prefix script '/home/jisang/Dynamic-System-Programming-HW/hw3/rosws/install/local_setup.zsh'
[1.941s] INFO:colcon.colcon_core.shell:Creating prefix chain script '/home/jisang/Dynamic-System-Programming-HW/hw3/rosws/install/setup.zsh'
