[0.021s] Invoking command in '/home/jakob/Desktop/Dynamic-System-Programming-HW/hw3/rosws/build/four_bar_linkage': CMAKE_PREFIX_PATH=/opt/ros/foxy CONDA_PROMPT_MODIFIER=(jakob) /home/jakob/.local/bin/cmake /home/jakob/Desktop/Dynamic-System-Programming-HW/hw3/rosws/src/four_bar_linkage -DCMAKE_INSTALL_PREFIX=/home/jakob/Desktop/Dynamic-System-Programming-HW/hw3/rosws/install/four_bar_linkage
[0.095s] -- The C compiler identification is GNU 9.4.0
[0.142s] -- The CXX compiler identification is GNU 9.4.0
[0.152s] -- Detecting C compiler ABI info
[0.200s] -- Detecting C compiler ABI info - done
[0.207s] -- Check for working C compiler: /usr/bin/cc - skipped
[0.207s] -- Detecting C compile features
[0.208s] -- Detecting C compile features - done
[0.211s] -- Detecting CXX compiler ABI info
[0.264s] -- Detecting CXX compiler ABI info - done
[0.274s] -- Check for working CXX compiler: /usr/bin/c++ - skipped
[0.275s] -- Detecting CXX compile features
[0.275s] -- Detecting CXX compile features - done
[0.277s] -- Found ament_cmake: 0.9.12 (/opt/ros/foxy/share/ament_cmake/cmake)
[0.303s] -- Found PythonInterp: /home/jakob/anaconda3/envs/jakob/bin/python3 (found suitable version "3.10", minimum required is "3") 
[0.304s] -- Using PYTHON_EXECUTABLE: /home/jakob/anaconda3/envs/jakob/bin/python3
[0.468s] -- Found rclcpp: 2.4.3 (/opt/ros/foxy/share/rclcpp/cmake)
[0.507s] -- Using all available rosidl_typesupport_c: rosidl_typesupport_fastrtps_c;rosidl_typesupport_introspection_c
[0.512s] -- Found rosidl_adapter: 1.3.1 (/opt/ros/foxy/share/rosidl_adapter/cmake)
[0.584s] -- Found OpenSSL: /usr/lib/x86_64-linux-gnu/libcrypto.so (found version "1.1.1f")  
[0.607s] -- Found FastRTPS: /opt/ros/foxy/include  
[0.687s] -- Using all available rosidl_typesupport_cpp: rosidl_typesupport_fastrtps_cpp;rosidl_typesupport_introspection_cpp
[0.729s] -- Found rmw_implementation_cmake: 1.0.4 (/opt/ros/foxy/share/rmw_implementation_cmake/cmake)
[0.730s] -- Using RMW implementation 'rmw_fastrtps_cpp' as default
[0.731s] -- Performing Test CMAKE_HAVE_LIBC_PTHREAD
[0.776s] -- Performing Test CMAKE_HAVE_LIBC_PTHREAD - Failed
[0.776s] -- Looking for pthread_create in pthreads
[0.815s] -- Looking for pthread_create in pthreads - not found
[0.815s] -- Looking for pthread_create in pthread
[0.866s] -- Looking for pthread_create in pthread - found
[0.867s] -- Found Threads: TRUE  
[0.970s] [31mCMake Error at CMakeLists.txt:12 (find_package):
[0.970s]   By not providing "Findgazebo_msgs.cmake" in CMAKE_MODULE_PATH this project
[0.970s]   has asked CMake to find a package configuration file provided by
[0.970s]   "gazebo_msgs", but CMake did not find one.
[0.970s] 
[0.970s]   Could not find a package configuration file provided by "gazebo_msgs" with
[0.970s]   any of the following names:
[0.970s] 
[0.971s]     gazebo_msgsConfig.cmake
[0.971s]     gazebo_msgs-config.cmake
[0.971s] 
[0.971s]   Add the installation prefix of "gazebo_msgs" to CMAKE_PREFIX_PATH or set
[0.971s]   "gazebo_msgs_DIR" to a directory containing one of the above files.  If
[0.971s]   "gazebo_msgs" provides a separate development package or SDK, be sure it
[0.971s]   has been installed.
[0.971s] 
[0.971s] [0m
[0.971s] -- Configuring incomplete, errors occurred!
[0.971s] See also "/home/jakob/Desktop/Dynamic-System-Programming-HW/hw3/rosws/build/four_bar_linkage/CMakeFiles/CMakeOutput.log".
[0.971s] See also "/home/jakob/Desktop/Dynamic-System-Programming-HW/hw3/rosws/build/four_bar_linkage/CMakeFiles/CMakeError.log".
[0.980s] Invoked command in '/home/jakob/Desktop/Dynamic-System-Programming-HW/hw3/rosws/build/four_bar_linkage' returned '1': CMAKE_PREFIX_PATH=/opt/ros/foxy CONDA_PROMPT_MODIFIER=(jakob) /home/jakob/.local/bin/cmake /home/jakob/Desktop/Dynamic-System-Programming-HW/hw3/rosws/src/four_bar_linkage -DCMAKE_INSTALL_PREFIX=/home/jakob/Desktop/Dynamic-System-Programming-HW/hw3/rosws/install/four_bar_linkage
