[0.366s] DEBUG:colcon:Command line arguments: ['/home/jakob/.local/bin/colcon', 'build']
[0.366s] DEBUG:colcon:Parsed command line arguments: Namespace(allow_overriding=[], ament_cmake_args=None, base_paths=['.'], build_base='build', catkin_cmake_args=None, catkin_skip_building_tests=False, cmake_args=None, cmake_clean_cache=False, cmake_clean_first=False, cmake_force_configure=False, cmake_target=None, cmake_target_skip_unavailable=False, continue_on_error=False, event_handlers=None, executor='parallel', ignore_user_meta=False, install_base='install', log_base=None, log_level=None, main=<bound method BuildVerb.main of <colcon_core.verb.build.BuildVerb object at 0x7f594fb55cd0>>, merge_install=False, metas=['./colcon.meta'], packages_above=None, packages_above_and_dependencies=None, packages_above_depth=None, packages_end=None, packages_ignore=None, packages_ignore_regex=None, packages_select=None, packages_select_build_failed=False, packages_select_by_dep=None, packages_select_regex=None, packages_select_test_failures=False, packages_skip=None, packages_skip_build_finished=False, packages_skip_by_dep=None, packages_skip_regex=None, packages_skip_test_passed=False, packages_skip_up_to=None, packages_start=None, packages_up_to=None, packages_up_to_regex=None, parallel_workers=12, paths=None, symlink_install=False, test_result_base=None, verb_extension=<colcon_core.verb.build.BuildVerb object at 0x7f594fb55cd0>, verb_name='build', verb_parser=<colcon_defaults.argument_parser.defaults.DefaultArgumentsDecorator object at 0x7f594fb4c970>)
[0.386s] Level 1:colcon.colcon_core.package_discovery:discover_packages(colcon_meta) check parameters
[0.386s] Level 1:colcon.colcon_core.package_discovery:discover_packages(recursive) check parameters
[0.386s] Level 1:colcon.colcon_core.package_discovery:discover_packages(ignore) check parameters
[0.386s] Level 1:colcon.colcon_core.package_discovery:discover_packages(path) check parameters
[0.386s] Level 1:colcon.colcon_core.package_discovery:discover_packages(colcon_meta) discover
[0.386s] Level 1:colcon.colcon_core.package_discovery:discover_packages(recursive) discover
[0.386s] INFO:colcon.colcon_core.package_discovery:Crawling recursively for packages in '/home/jakob/Desktop/Dynamic-System-Programming-HW/hw3/rosws'
[0.386s] Level 1:colcon.colcon_core.package_identification:_identify(.) by extensions ['ignore', 'ignore_ament_install']
[0.387s] Level 1:colcon.colcon_core.package_identification:_identify(.) by extension 'ignore'
[0.387s] Level 1:colcon.colcon_core.package_identification:_identify(.) by extension 'ignore_ament_install'
[0.387s] Level 1:colcon.colcon_core.package_identification:_identify(.) by extensions ['colcon_pkg']
[0.387s] Level 1:colcon.colcon_core.package_identification:_identify(.) by extension 'colcon_pkg'
[0.387s] Level 1:colcon.colcon_core.package_identification:_identify(.) by extensions ['colcon_meta']
[0.387s] Level 1:colcon.colcon_core.package_identification:_identify(.) by extension 'colcon_meta'
[0.387s] Level 1:colcon.colcon_core.package_identification:_identify(.) by extensions ['ros']
[0.387s] Level 1:colcon.colcon_core.package_identification:_identify(.) by extension 'ros'
[0.394s] Level 1:colcon.colcon_core.package_identification:_identify(.) by extensions ['cmake', 'python']
[0.394s] Level 1:colcon.colcon_core.package_identification:_identify(.) by extension 'cmake'
[0.394s] Level 1:colcon.colcon_core.package_identification:_identify(.) by extension 'python'
[0.394s] Level 1:colcon.colcon_core.package_identification:_identify(.) by extensions ['python_setup_py']
[0.394s] Level 1:colcon.colcon_core.package_identification:_identify(.) by extension 'python_setup_py'
[0.395s] Level 1:colcon.colcon_core.package_identification:_identify(build) by extensions ['ignore', 'ignore_ament_install']
[0.395s] Level 1:colcon.colcon_core.package_identification:_identify(build) by extension 'ignore'
[0.395s] Level 1:colcon.colcon_core.package_identification:_identify(build) ignored
[0.395s] Level 1:colcon.colcon_core.package_identification:_identify(install) by extensions ['ignore', 'ignore_ament_install']
[0.395s] Level 1:colcon.colcon_core.package_identification:_identify(install) by extension 'ignore'
[0.395s] Level 1:colcon.colcon_core.package_identification:_identify(install) ignored
[0.395s] Level 1:colcon.colcon_core.package_identification:_identify(log) by extensions ['ignore', 'ignore_ament_install']
[0.395s] Level 1:colcon.colcon_core.package_identification:_identify(log) by extension 'ignore'
[0.395s] Level 1:colcon.colcon_core.package_identification:_identify(log) ignored
[0.395s] Level 1:colcon.colcon_core.package_identification:_identify(src) by extensions ['ignore', 'ignore_ament_install']
[0.395s] Level 1:colcon.colcon_core.package_identification:_identify(src) by extension 'ignore'
[0.395s] Level 1:colcon.colcon_core.package_identification:_identify(src) by extension 'ignore_ament_install'
[0.395s] Level 1:colcon.colcon_core.package_identification:_identify(src) by extensions ['colcon_pkg']
[0.395s] Level 1:colcon.colcon_core.package_identification:_identify(src) by extension 'colcon_pkg'
[0.395s] Level 1:colcon.colcon_core.package_identification:_identify(src) by extensions ['colcon_meta']
[0.395s] Level 1:colcon.colcon_core.package_identification:_identify(src) by extension 'colcon_meta'
[0.395s] Level 1:colcon.colcon_core.package_identification:_identify(src) by extensions ['ros']
[0.395s] Level 1:colcon.colcon_core.package_identification:_identify(src) by extension 'ros'
[0.395s] Level 1:colcon.colcon_core.package_identification:_identify(src) by extensions ['cmake', 'python']
[0.395s] Level 1:colcon.colcon_core.package_identification:_identify(src) by extension 'cmake'
[0.395s] Level 1:colcon.colcon_core.package_identification:_identify(src) by extension 'python'
[0.395s] Level 1:colcon.colcon_core.package_identification:_identify(src) by extensions ['python_setup_py']
[0.395s] Level 1:colcon.colcon_core.package_identification:_identify(src) by extension 'python_setup_py'
[0.395s] Level 1:colcon.colcon_core.package_identification:_identify(src/four_bar_linkage) by extensions ['ignore', 'ignore_ament_install']
[0.395s] Level 1:colcon.colcon_core.package_identification:_identify(src/four_bar_linkage) by extension 'ignore'
[0.396s] Level 1:colcon.colcon_core.package_identification:_identify(src/four_bar_linkage) by extension 'ignore_ament_install'
[0.396s] Level 1:colcon.colcon_core.package_identification:_identify(src/four_bar_linkage) by extensions ['colcon_pkg']
[0.396s] Level 1:colcon.colcon_core.package_identification:_identify(src/four_bar_linkage) by extension 'colcon_pkg'
[0.396s] Level 1:colcon.colcon_core.package_identification:_identify(src/four_bar_linkage) by extensions ['colcon_meta']
[0.396s] Level 1:colcon.colcon_core.package_identification:_identify(src/four_bar_linkage) by extension 'colcon_meta'
[0.396s] Level 1:colcon.colcon_core.package_identification:_identify(src/four_bar_linkage) by extensions ['ros']
[0.396s] Level 1:colcon.colcon_core.package_identification:_identify(src/four_bar_linkage) by extension 'ros'
[0.397s] DEBUG:colcon.colcon_core.package_identification:Package 'src/four_bar_linkage' with type 'ros.ament_cmake' and name 'four_bar_linkage'
[0.397s] Level 1:colcon.colcon_core.package_discovery:discover_packages(recursive) using defaults
[0.397s] Level 1:colcon.colcon_core.package_discovery:discover_packages(ignore) discover
[0.397s] Level 1:colcon.colcon_core.package_discovery:discover_packages(ignore) using defaults
[0.398s] Level 1:colcon.colcon_core.package_discovery:discover_packages(path) discover
[0.398s] Level 1:colcon.colcon_core.package_discovery:discover_packages(path) using defaults
[0.420s] Level 1:colcon.colcon_core.package_discovery:discover_packages(prefix_path) check parameters
[0.420s] Level 1:colcon.colcon_core.package_discovery:discover_packages(prefix_path) discover
[0.428s] DEBUG:colcon.colcon_installed_package_information.package_discovery:Found 256 installed packages in /opt/ros/foxy
[0.429s] Level 1:colcon.colcon_core.package_discovery:discover_packages(prefix_path) using defaults
[0.475s] Level 5:colcon.colcon_core.verb:set package 'four_bar_linkage' build argument 'cmake_args' from command line to 'None'
[0.475s] Level 5:colcon.colcon_core.verb:set package 'four_bar_linkage' build argument 'cmake_target' from command line to 'None'
[0.475s] Level 5:colcon.colcon_core.verb:set package 'four_bar_linkage' build argument 'cmake_target_skip_unavailable' from command line to 'False'
[0.475s] Level 5:colcon.colcon_core.verb:set package 'four_bar_linkage' build argument 'cmake_clean_cache' from command line to 'False'
[0.475s] Level 5:colcon.colcon_core.verb:set package 'four_bar_linkage' build argument 'cmake_clean_first' from command line to 'False'
[0.475s] Level 5:colcon.colcon_core.verb:set package 'four_bar_linkage' build argument 'cmake_force_configure' from command line to 'False'
[0.475s] Level 5:colcon.colcon_core.verb:set package 'four_bar_linkage' build argument 'ament_cmake_args' from command line to 'None'
[0.475s] Level 5:colcon.colcon_core.verb:set package 'four_bar_linkage' build argument 'catkin_cmake_args' from command line to 'None'
[0.475s] Level 5:colcon.colcon_core.verb:set package 'four_bar_linkage' build argument 'catkin_skip_building_tests' from command line to 'False'
[0.476s] DEBUG:colcon.colcon_core.verb:Building package 'four_bar_linkage' with the following arguments: {'ament_cmake_args': None, 'build_base': '/home/jakob/Desktop/Dynamic-System-Programming-HW/hw3/rosws/build/four_bar_linkage', 'catkin_cmake_args': None, 'catkin_skip_building_tests': False, 'cmake_args': None, 'cmake_clean_cache': False, 'cmake_clean_first': False, 'cmake_force_configure': False, 'cmake_target': None, 'cmake_target_skip_unavailable': False, 'install_base': '/home/jakob/Desktop/Dynamic-System-Programming-HW/hw3/rosws/install/four_bar_linkage', 'merge_install': False, 'path': '/home/jakob/Desktop/Dynamic-System-Programming-HW/hw3/rosws/src/four_bar_linkage', 'symlink_install': False, 'test_result_base': None}
[0.477s] INFO:colcon.colcon_core.executor:Executing jobs using 'parallel' executor
[0.485s] DEBUG:colcon.colcon_parallel_executor.executor.parallel:run_until_complete
[0.485s] INFO:colcon.colcon_ros.task.ament_cmake.build:Building ROS package in '/home/jakob/Desktop/Dynamic-System-Programming-HW/hw3/rosws/src/four_bar_linkage' with build type 'ament_cmake'
[0.485s] INFO:colcon.colcon_cmake.task.cmake.build:Building CMake package in '/home/jakob/Desktop/Dynamic-System-Programming-HW/hw3/rosws/src/four_bar_linkage'
[0.496s] INFO:colcon.colcon_core.plugin_system:Skipping extension 'colcon_core.shell.bat': Not used on non-Windows systems
[0.496s] INFO:colcon.colcon_core.shell:Skip shell extension 'powershell' for command environment: Not usable outside of PowerShell
[0.496s] DEBUG:colcon.colcon_core.shell:Skip shell extension 'dsv' for command environment
[0.508s] DEBUG:colcon.colcon_core.event_handler.log_command:Invoking command in '/home/jakob/Desktop/Dynamic-System-Programming-HW/hw3/rosws/build/four_bar_linkage': CMAKE_PREFIX_PATH=/opt/ros/foxy CONDA_PROMPT_MODIFIER=(jakob) /home/jakob/.local/bin/cmake /home/jakob/Desktop/Dynamic-System-Programming-HW/hw3/rosws/src/four_bar_linkage -DCMAKE_INSTALL_PREFIX=/home/jakob/Desktop/Dynamic-System-Programming-HW/hw3/rosws/install/four_bar_linkage
[1.466s] DEBUG:colcon.colcon_core.event_handler.log_command:Invoked command in '/home/jakob/Desktop/Dynamic-System-Programming-HW/hw3/rosws/build/four_bar_linkage' returned '1': CMAKE_PREFIX_PATH=/opt/ros/foxy CONDA_PROMPT_MODIFIER=(jakob) /home/jakob/.local/bin/cmake /home/jakob/Desktop/Dynamic-System-Programming-HW/hw3/rosws/src/four_bar_linkage -DCMAKE_INSTALL_PREFIX=/home/jakob/Desktop/Dynamic-System-Programming-HW/hw3/rosws/install/four_bar_linkage
[1.495s] Level 1:colcon.colcon_core.environment:create_environment_scripts_only(four_bar_linkage)
[1.507s] Level 1:colcon.colcon_core.environment:checking '/home/jakob/Desktop/Dynamic-System-Programming-HW/hw3/rosws/install/four_bar_linkage' for CMake module files
[1.507s] Level 1:colcon.colcon_core.environment:checking '/home/jakob/Desktop/Dynamic-System-Programming-HW/hw3/rosws/install/four_bar_linkage' for CMake config files
[1.508s] Level 1:colcon.colcon_core.environment:checking '/home/jakob/Desktop/Dynamic-System-Programming-HW/hw3/rosws/install/four_bar_linkage/bin'
[1.508s] Level 1:colcon.colcon_core.environment:checking '/home/jakob/Desktop/Dynamic-System-Programming-HW/hw3/rosws/install/four_bar_linkage/lib/pkgconfig/four_bar_linkage.pc'
[1.508s] Level 1:colcon.colcon_core.environment:checking '/home/jakob/Desktop/Dynamic-System-Programming-HW/hw3/rosws/install/four_bar_linkage/lib/python3.8/site-packages'
[1.508s] Level 1:colcon.colcon_core.environment:checking '/home/jakob/Desktop/Dynamic-System-Programming-HW/hw3/rosws/install/four_bar_linkage/bin'
[1.511s] INFO:colcon.colcon_core.shell:Creating package script '/home/jakob/Desktop/Dynamic-System-Programming-HW/hw3/rosws/install/four_bar_linkage/share/four_bar_linkage/package.ps1'
[1.512s] INFO:colcon.colcon_core.shell:Creating package descriptor '/home/jakob/Desktop/Dynamic-System-Programming-HW/hw3/rosws/install/four_bar_linkage/share/four_bar_linkage/package.dsv'
[1.512s] INFO:colcon.colcon_core.shell:Creating package script '/home/jakob/Desktop/Dynamic-System-Programming-HW/hw3/rosws/install/four_bar_linkage/share/four_bar_linkage/package.sh'
[1.513s] INFO:colcon.colcon_core.shell:Creating package script '/home/jakob/Desktop/Dynamic-System-Programming-HW/hw3/rosws/install/four_bar_linkage/share/four_bar_linkage/package.bash'
[1.513s] INFO:colcon.colcon_core.shell:Creating package script '/home/jakob/Desktop/Dynamic-System-Programming-HW/hw3/rosws/install/four_bar_linkage/share/four_bar_linkage/package.zsh'
[1.514s] Level 1:colcon.colcon_core.environment:create_file_with_runtime_dependencies(/home/jakob/Desktop/Dynamic-System-Programming-HW/hw3/rosws/install/four_bar_linkage/share/colcon-core/packages/four_bar_linkage)
[1.524s] DEBUG:colcon.colcon_parallel_executor.executor.parallel:closing loop
[1.524s] DEBUG:colcon.colcon_parallel_executor.executor.parallel:loop closed
[1.524s] DEBUG:colcon.colcon_parallel_executor.executor.parallel:run_until_complete finished with '1'
[1.525s] DEBUG:colcon.colcon_core.event_reactor:joining thread
[1.539s] INFO:colcon.colcon_core.plugin_system:Skipping extension 'colcon_notification.desktop_notification.terminal_notifier': Not used on non-Darwin systems
[1.539s] INFO:colcon.colcon_core.plugin_system:Skipping extension 'colcon_notification.desktop_notification.win32': Not used on non-Windows systems
[1.539s] INFO:colcon.colcon_notification.desktop_notification:Sending desktop notification using 'notify2'
[1.550s] DEBUG:colcon.colcon_core.event_reactor:joined thread
[1.557s] INFO:colcon.colcon_core.shell:Creating prefix script '/home/jakob/Desktop/Dynamic-System-Programming-HW/hw3/rosws/install/local_setup.ps1'
[1.558s] INFO:colcon.colcon_core.shell:Creating prefix util module '/home/jakob/Desktop/Dynamic-System-Programming-HW/hw3/rosws/install/_local_setup_util_ps1.py'
[1.559s] INFO:colcon.colcon_core.shell:Creating prefix chain script '/home/jakob/Desktop/Dynamic-System-Programming-HW/hw3/rosws/install/setup.ps1'
[1.563s] INFO:colcon.colcon_core.shell:Creating prefix script '/home/jakob/Desktop/Dynamic-System-Programming-HW/hw3/rosws/install/local_setup.sh'
[1.564s] INFO:colcon.colcon_core.shell:Creating prefix util module '/home/jakob/Desktop/Dynamic-System-Programming-HW/hw3/rosws/install/_local_setup_util_sh.py'
[1.564s] INFO:colcon.colcon_core.shell:Creating prefix chain script '/home/jakob/Desktop/Dynamic-System-Programming-HW/hw3/rosws/install/setup.sh'
[1.567s] INFO:colcon.colcon_core.shell:Creating prefix script '/home/jakob/Desktop/Dynamic-System-Programming-HW/hw3/rosws/install/local_setup.bash'
[1.567s] INFO:colcon.colcon_core.shell:Creating prefix chain script '/home/jakob/Desktop/Dynamic-System-Programming-HW/hw3/rosws/install/setup.bash'
[1.570s] INFO:colcon.colcon_core.shell:Creating prefix script '/home/jakob/Desktop/Dynamic-System-Programming-HW/hw3/rosws/install/local_setup.zsh'
[1.570s] INFO:colcon.colcon_core.shell:Creating prefix chain script '/home/jakob/Desktop/Dynamic-System-Programming-HW/hw3/rosws/install/setup.zsh'
