Performing C SOURCE FILE Test CMAKE_HAVE_LIBC_PTHREAD failed with the following output:
Change Dir: /home/jakob/Desktop/Dynamic-System-Programming-HW/hw3/rosws/build/four_bar_linkage/CMakeFiles/CMakeScratch/TryCompile-btX1zr

Run Build Command(s):/usr/bin/make -f Makefile cmTC_edff3/fast && /usr/bin/make  -f CMakeFiles/cmTC_edff3.dir/build.make CMakeFiles/cmTC_edff3.dir/build
make[1]: Entering directory '/home/jakob/Desktop/Dynamic-System-Programming-HW/hw3/rosws/build/four_bar_linkage/CMakeFiles/CMakeScratch/TryCompile-btX1zr'
Building C object CMakeFiles/cmTC_edff3.dir/src.c.o
/usr/bin/cc -DCMAKE_HAVE_LIBC_PTHREAD   -o CMakeFiles/cmTC_edff3.dir/src.c.o -c /home/jakob/Desktop/Dynamic-System-Programming-HW/hw3/rosws/build/four_bar_linkage/CMakeFiles/CMakeScratch/TryCompile-btX1zr/src.c
Linking C executable cmTC_edff3
/home/jakob/.local/lib/python3.8/site-packages/cmake/data/bin/cmake -E cmake_link_script CMakeFiles/cmTC_edff3.dir/link.txt --verbose=1
/usr/bin/cc CMakeFiles/cmTC_edff3.dir/src.c.o -o cmTC_edff3 
/usr/bin/ld: CMakeFiles/cmTC_edff3.dir/src.c.o: in function `main':
src.c:(.text+0x46): undefined reference to `pthread_create'
/usr/bin/ld: src.c:(.text+0x52): undefined reference to `pthread_detach'
/usr/bin/ld: src.c:(.text+0x5e): undefined reference to `pthread_cancel'
/usr/bin/ld: src.c:(.text+0x6f): undefined reference to `pthread_join'
collect2: error: ld returned 1 exit status
make[1]: *** [CMakeFiles/cmTC_edff3.dir/build.make:99: cmTC_edff3] Error 1
make[1]: Leaving directory '/home/jakob/Desktop/Dynamic-System-Programming-HW/hw3/rosws/build/four_bar_linkage/CMakeFiles/CMakeScratch/TryCompile-btX1zr'
make: *** [Makefile:127: cmTC_edff3/fast] Error 2


Source file was:
#include <pthread.h>

static void* test_func(void* data)
{
  return data;
}

int main(void)
{
  pthread_t thread;
  pthread_create(&thread, NULL, test_func, NULL);
  pthread_detach(thread);
  pthread_cancel(thread);
  pthread_join(thread, NULL);
  pthread_atfork(NULL, NULL, NULL);
  pthread_exit(NULL);

  return 0;
}


Determining if the function pthread_create exists in the pthreads failed with the following output:
Change Dir: /home/jakob/Desktop/Dynamic-System-Programming-HW/hw3/rosws/build/four_bar_linkage/CMakeFiles/CMakeScratch/TryCompile-bpy3Np

Run Build Command(s):/usr/bin/make -f Makefile cmTC_a235a/fast && /usr/bin/make  -f CMakeFiles/cmTC_a235a.dir/build.make CMakeFiles/cmTC_a235a.dir/build
make[1]: Entering directory '/home/jakob/Desktop/Dynamic-System-Programming-HW/hw3/rosws/build/four_bar_linkage/CMakeFiles/CMakeScratch/TryCompile-bpy3Np'
Building C object CMakeFiles/cmTC_a235a.dir/CheckFunctionExists.c.o
/usr/bin/cc   -DCHECK_FUNCTION_EXISTS=pthread_create -o CMakeFiles/cmTC_a235a.dir/CheckFunctionExists.c.o -c /home/jakob/Desktop/Dynamic-System-Programming-HW/hw3/rosws/build/four_bar_linkage/CMakeFiles/CMakeScratch/TryCompile-bpy3Np/CheckFunctionExists.c
Linking C executable cmTC_a235a
/home/jakob/.local/lib/python3.8/site-packages/cmake/data/bin/cmake -E cmake_link_script CMakeFiles/cmTC_a235a.dir/link.txt --verbose=1
/usr/bin/cc  -DCHECK_FUNCTION_EXISTS=pthread_create CMakeFiles/cmTC_a235a.dir/CheckFunctionExists.c.o -o cmTC_a235a  -lpthreads 
/usr/bin/ld: cannot find -lpthreads
collect2: error: ld returned 1 exit status
make[1]: *** [CMakeFiles/cmTC_a235a.dir/build.make:99: cmTC_a235a] Error 1
make[1]: Leaving directory '/home/jakob/Desktop/Dynamic-System-Programming-HW/hw3/rosws/build/four_bar_linkage/CMakeFiles/CMakeScratch/TryCompile-bpy3Np'
make: *** [Makefile:127: cmTC_a235a/fast] Error 2



