[0.064s] Invoking command in '/home/jisang/Dynamic-System-Programming-HW/hw3/rosws/build/four_bar_linkage': CMAKE_PREFIX_PATH=/opt/ros/humble /usr/bin/cmake --build /home/jisang/Dynamic-System-Programming-HW/hw3/rosws/build/four_bar_linkage -- -j4 -l4
[0.098s] Invoked command in '/home/jisang/Dynamic-System-Programming-HW/hw3/rosws/build/four_bar_linkage' returned '0': CMAKE_PREFIX_PATH=/opt/ros/humble /usr/bin/cmake --build /home/jisang/Dynamic-System-Programming-HW/hw3/rosws/build/four_bar_linkage -- -j4 -l4
[0.127s] Invoking command in '/home/jisang/Dynamic-System-Programming-HW/hw3/rosws/build/four_bar_linkage': CMAKE_PREFIX_PATH=/opt/ros/humble /usr/bin/cmake --install /home/jisang/Dynamic-System-Programming-HW/hw3/rosws/build/four_bar_linkage
[0.133s] -- Install configuration: ""
[0.133s] -- Up-to-date: /home/jisang/Dynamic-System-Programming-HW/hw3/rosws/install/four_bar_linkage/share/four_bar_linkage/launch
[0.133s] -- Installing: /home/jisang/Dynamic-System-Programming-HW/hw3/rosws/install/four_bar_linkage/share/four_bar_linkage/launch/four_bar_linkage_launch.py
[0.134s] -- Up-to-date: /home/jisang/Dynamic-System-Programming-HW/hw3/rosws/install/four_bar_linkage/share/four_bar_linkage/rsc
[0.134s] -- Up-to-date: /home/jisang/Dynamic-System-Programming-HW/hw3/rosws/install/four_bar_linkage/share/four_bar_linkage/rsc/sdf
[0.134s] -- Installing: /home/jisang/Dynamic-System-Programming-HW/hw3/rosws/install/four_bar_linkage/share/four_bar_linkage/rsc/sdf/four_bar_linkage_20190837.sdf
[0.134s] -- Up-to-date: /home/jisang/Dynamic-System-Programming-HW/hw3/rosws/install/four_bar_linkage/share/four_bar_linkage/worlds
[0.134s] -- Up-to-date: /home/jisang/Dynamic-System-Programming-HW/hw3/rosws/install/four_bar_linkage/share/four_bar_linkage/worlds/four_bar_linkage.world
[0.134s] -- Up-to-date: /home/jisang/Dynamic-System-Programming-HW/hw3/rosws/install/four_bar_linkage/share/four_bar_linkage/include
[0.134s] -- Up-to-date: /home/jisang/Dynamic-System-Programming-HW/hw3/rosws/install/four_bar_linkage/share/ament_index/resource_index/package_run_dependencies/four_bar_linkage
[0.134s] -- Up-to-date: /home/jisang/Dynamic-System-Programming-HW/hw3/rosws/install/four_bar_linkage/share/ament_index/resource_index/parent_prefix_path/four_bar_linkage
[0.134s] -- Up-to-date: /home/jisang/Dynamic-System-Programming-HW/hw3/rosws/install/four_bar_linkage/share/four_bar_linkage/environment/ament_prefix_path.sh
[0.135s] -- Up-to-date: /home/jisang/Dynamic-System-Programming-HW/hw3/rosws/install/four_bar_linkage/share/four_bar_linkage/environment/ament_prefix_path.dsv
[0.135s] -- Up-to-date: /home/jisang/Dynamic-System-Programming-HW/hw3/rosws/install/four_bar_linkage/share/four_bar_linkage/environment/path.sh
[0.135s] -- Up-to-date: /home/jisang/Dynamic-System-Programming-HW/hw3/rosws/install/four_bar_linkage/share/four_bar_linkage/environment/path.dsv
[0.135s] -- Up-to-date: /home/jisang/Dynamic-System-Programming-HW/hw3/rosws/install/four_bar_linkage/share/four_bar_linkage/local_setup.bash
[0.135s] -- Up-to-date: /home/jisang/Dynamic-System-Programming-HW/hw3/rosws/install/four_bar_linkage/share/four_bar_linkage/local_setup.sh
[0.135s] -- Up-to-date: /home/jisang/Dynamic-System-Programming-HW/hw3/rosws/install/four_bar_linkage/share/four_bar_linkage/local_setup.zsh
[0.135s] -- Up-to-date: /home/jisang/Dynamic-System-Programming-HW/hw3/rosws/install/four_bar_linkage/share/four_bar_linkage/local_setup.dsv
[0.135s] -- Installing: /home/jisang/Dynamic-System-Programming-HW/hw3/rosws/install/four_bar_linkage/share/four_bar_linkage/package.dsv
[0.135s] -- Up-to-date: /home/jisang/Dynamic-System-Programming-HW/hw3/rosws/install/four_bar_linkage/share/ament_index/resource_index/packages/four_bar_linkage
[0.135s] -- Up-to-date: /home/jisang/Dynamic-System-Programming-HW/hw3/rosws/install/four_bar_linkage/share/four_bar_linkage/cmake/four_bar_linkageConfig.cmake
[0.135s] -- Up-to-date: /home/jisang/Dynamic-System-Programming-HW/hw3/rosws/install/four_bar_linkage/share/four_bar_linkage/cmake/four_bar_linkageConfig-version.cmake
[0.136s] -- Up-to-date: /home/jisang/Dynamic-System-Programming-HW/hw3/rosws/install/four_bar_linkage/share/four_bar_linkage/package.xml
[0.138s] Invoked command in '/home/jisang/Dynamic-System-Programming-HW/hw3/rosws/build/four_bar_linkage' returned '0': CMAKE_PREFIX_PATH=/opt/ros/humble /usr/bin/cmake --install /home/jisang/Dynamic-System-Programming-HW/hw3/rosws/build/four_bar_linkage
