[0.011s] Invoking command in '/home/jisang/Dynamic-System-Programming-HW/HW4/build/cartpole': CMAKE_PREFIX_PATH=/opt/ros/humble /usr/bin/cmake /home/jisang/Dynamic-System-Programming-HW/HW4/cartpole -DCMAKE_INSTALL_PREFIX=/home/jisang/Dynamic-System-Programming-HW/HW4/install/cartpole
[0.158s] -- The C compiler identification is GNU 11.4.0
[0.316s] -- The CXX compiler identification is GNU 11.4.0
[0.388s] -- Detecting C compiler ABI info
[0.450s] -- Detecting C compiler ABI info - done
[0.455s] -- Check for working C compiler: /usr/bin/cc - skipped
[0.456s] -- Detecting C compile features
[0.456s] -- Detecting C compile features - done
[0.459s] -- Detecting CXX compiler ABI info
[0.527s] -- Detecting CXX compiler ABI info - done
[0.532s] -- Check for working CXX compiler: /usr/bin/c++ - skipped
[0.533s] -- Detecting CXX compile features
[0.533s] -- Detecting CXX compile features - done
[0.538s] -- Found ament_cmake: 1.3.8 (/opt/ros/humble/share/ament_cmake/cmake)
[0.640s] -- Found Python3: /usr/bin/python3 (found version "3.10.12") found components: Interpreter 
[0.726s] -- Found rclcpp: 16.0.8 (/opt/ros/humble/share/rclcpp/cmake)
[0.804s] -- Found rosidl_generator_c: 3.1.5 (/opt/ros/humble/share/rosidl_generator_c/cmake)
[0.809s] -- Found rosidl_adapter: 3.1.5 (/opt/ros/humble/share/rosidl_adapter/cmake)
[0.819s] -- Found rosidl_generator_cpp: 3.1.5 (/opt/ros/humble/share/rosidl_generator_cpp/cmake)
[0.835s] -- Using all available rosidl_typesupport_c: rosidl_typesupport_fastrtps_c;rosidl_typesupport_introspection_c
[0.854s] -- Using all available rosidl_typesupport_cpp: rosidl_typesupport_fastrtps_cpp;rosidl_typesupport_introspection_cpp
[0.926s] -- Found rmw_implementation_cmake: 6.1.1 (/opt/ros/humble/share/rmw_implementation_cmake/cmake)
[0.929s] -- Found rmw_fastrtps_cpp: 6.2.6 (/opt/ros/humble/share/rmw_fastrtps_cpp/cmake)
[1.257s] -- Found OpenSSL: /usr/lib/x86_64-linux-gnu/libcrypto.so (found version "3.0.2")  
[1.598s] -- Found FastRTPS: /opt/ros/humble/include  
[2.204s] -- Using RMW implementation 'rmw_fastrtps_cpp' as default
[2.222s] -- Looking for pthread.h
[2.290s] -- Looking for pthread.h - found
[2.290s] -- Performing Test CMAKE_HAVE_LIBC_PTHREAD
[2.349s] -- Performing Test CMAKE_HAVE_LIBC_PTHREAD - Success
[2.349s] -- Found Threads: TRUE  
[2.495s] -- Found gazebo_msgs: 3.7.0 (/opt/ros/humble/share/gazebo_msgs/cmake)
[2.717s] -- Found sensor_msgs: 4.2.3 (/opt/ros/humble/share/sensor_msgs/cmake)
[2.790s] -- Found control_msgs: 4.4.0 (/opt/ros/humble/share/control_msgs/cmake)
[3.054s] -- Found rclcpp_action: 16.0.8 (/opt/ros/humble/share/rclcpp_action/cmake)
[3.082s] -- Found tf2: 0.25.6 (/opt/ros/humble/share/tf2/cmake)
[3.095s] -- Found tf2_geometry_msgs: 0.25.6 (/opt/ros/humble/share/tf2_geometry_msgs/cmake)
[3.115s] -- Found eigen3_cmake_module: 0.1.1 (/opt/ros/humble/share/eigen3_cmake_module/cmake)
[3.117s] -- Found Eigen3: TRUE (found version "3.4.0") 
[3.117s] -- Ensuring Eigen3 include directory is part of orocos-kdl CMake target
[3.336s] -- Found ament_lint_auto: 0.12.10 (/opt/ros/humble/share/ament_lint_auto/cmake)
[3.399s] -- Added test 'copyright' to check source files copyright and LICENSE
[3.400s] -- Added test 'cppcheck' to perform static code analysis on C / C++ code
[3.400s] -- Configured cppcheck include dirs: 
[3.400s] -- Configured cppcheck exclude dirs and/or files: 
[3.401s] -- Added test 'cpplint' to check C / C++ code against the Google style
[3.401s] -- Configured cpplint exclude dirs and/or files: 
[3.402s] -- Added test 'flake8' to check Python code syntax and style conventions
[3.403s] -- Added test 'lint_cmake' to check CMake code style
[3.403s] -- Added test 'pep257' to check Python code against some of the docstring style conventions in PEP 257
[3.404s] -- Added test 'uncrustify' to check C / C++ code style
[3.404s] -- Configured uncrustify additional arguments: 
[3.405s] -- Added test 'xmllint' to check XML markup files
[3.406s] -- Configuring done
[3.418s] -- Generating done
[3.419s] -- Build files have been written to: /home/jisang/Dynamic-System-Programming-HW/HW4/build/cartpole
[3.426s] Invoked command in '/home/jisang/Dynamic-System-Programming-HW/HW4/build/cartpole' returned '0': CMAKE_PREFIX_PATH=/opt/ros/humble /usr/bin/cmake /home/jisang/Dynamic-System-Programming-HW/HW4/cartpole -DCMAKE_INSTALL_PREFIX=/home/jisang/Dynamic-System-Programming-HW/HW4/install/cartpole
[3.428s] Invoking command in '/home/jisang/Dynamic-System-Programming-HW/HW4/build/cartpole': CMAKE_PREFIX_PATH=/opt/ros/humble /usr/bin/cmake --build /home/jisang/Dynamic-System-Programming-HW/HW4/build/cartpole -- -j16 -l16
[3.456s] [ 50%] [32mBuilding CXX object CMakeFiles/pid_publisher_subscriber_node.dir/src/pid_publisher_subscriber_node.cpp.o[0m
[9.856s] [100%] [32m[1mLinking CXX executable pid_publisher_subscriber_node[0m
[10.239s] [100%] Built target pid_publisher_subscriber_node
[10.245s] Invoked command in '/home/jisang/Dynamic-System-Programming-HW/HW4/build/cartpole' returned '0': CMAKE_PREFIX_PATH=/opt/ros/humble /usr/bin/cmake --build /home/jisang/Dynamic-System-Programming-HW/HW4/build/cartpole -- -j16 -l16
[10.266s] Invoking command in '/home/jisang/Dynamic-System-Programming-HW/HW4/build/cartpole': CMAKE_PREFIX_PATH=/opt/ros/humble /usr/bin/cmake --install /home/jisang/Dynamic-System-Programming-HW/HW4/build/cartpole
[10.270s] -- Install configuration: ""
[10.271s] -- Installing: /home/jisang/Dynamic-System-Programming-HW/HW4/install/cartpole/share/cartpole/launch
[10.271s] -- Installing: /home/jisang/Dynamic-System-Programming-HW/HW4/install/cartpole/share/cartpole/launch/cartpolePID.launch.py
[10.271s] -- Installing: /home/jisang/Dynamic-System-Programming-HW/HW4/install/cartpole/share/cartpole/rsc
[10.271s] -- Installing: /home/jisang/Dynamic-System-Programming-HW/HW4/install/cartpole/share/cartpole/rsc/urdf
[10.272s] -- Installing: /home/jisang/Dynamic-System-Programming-HW/HW4/install/cartpole/share/cartpole/rsc/urdf/cartpoleeffort.urdf
[10.272s] -- Installing: /home/jisang/Dynamic-System-Programming-HW/HW4/install/cartpole/share/cartpole/worlds
[10.272s] -- Installing: /home/jisang/Dynamic-System-Programming-HW/HW4/install/cartpole/share/cartpole/worlds/cartpole.world
[10.272s] -- Installing: /home/jisang/Dynamic-System-Programming-HW/HW4/install/cartpole/share/cartpole/config
[10.272s] -- Installing: /home/jisang/Dynamic-System-Programming-HW/HW4/install/cartpole/share/cartpole/config/cartpoleeffort.yaml
[10.272s] -- Installing: /home/jisang/Dynamic-System-Programming-HW/HW4/install/cartpole/lib/cartpole/pid_publisher_subscriber_node
[10.275s] -- Set runtime path of "/home/jisang/Dynamic-System-Programming-HW/HW4/install/cartpole/lib/cartpole/pid_publisher_subscriber_node" to ""
[10.275s] -- Installing: /home/jisang/Dynamic-System-Programming-HW/HW4/install/cartpole/share/ament_index/resource_index/package_run_dependencies/cartpole
[10.275s] -- Installing: /home/jisang/Dynamic-System-Programming-HW/HW4/install/cartpole/share/ament_index/resource_index/parent_prefix_path/cartpole
[10.276s] -- Installing: /home/jisang/Dynamic-System-Programming-HW/HW4/install/cartpole/share/cartpole/environment/ament_prefix_path.sh
[10.276s] -- Installing: /home/jisang/Dynamic-System-Programming-HW/HW4/install/cartpole/share/cartpole/environment/ament_prefix_path.dsv
[10.276s] -- Installing: /home/jisang/Dynamic-System-Programming-HW/HW4/install/cartpole/share/cartpole/environment/path.sh
[10.276s] -- Installing: /home/jisang/Dynamic-System-Programming-HW/HW4/install/cartpole/share/cartpole/environment/path.dsv
[10.276s] -- Installing: /home/jisang/Dynamic-System-Programming-HW/HW4/install/cartpole/share/cartpole/local_setup.bash
[10.277s] -- Installing: /home/jisang/Dynamic-System-Programming-HW/HW4/install/cartpole/share/cartpole/local_setup.sh
[10.277s] -- Installing: /home/jisang/Dynamic-System-Programming-HW/HW4/install/cartpole/share/cartpole/local_setup.zsh
[10.277s] -- Installing: /home/jisang/Dynamic-System-Programming-HW/HW4/install/cartpole/share/cartpole/local_setup.dsv
[10.277s] -- Installing: /home/jisang/Dynamic-System-Programming-HW/HW4/install/cartpole/share/cartpole/package.dsv
[10.277s] -- Installing: /home/jisang/Dynamic-System-Programming-HW/HW4/install/cartpole/share/ament_index/resource_index/packages/cartpole
[10.277s] -- Installing: /home/jisang/Dynamic-System-Programming-HW/HW4/install/cartpole/share/cartpole/cmake/cartpoleConfig.cmake
[10.277s] -- Installing: /home/jisang/Dynamic-System-Programming-HW/HW4/install/cartpole/share/cartpole/cmake/cartpoleConfig-version.cmake
[10.277s] -- Installing: /home/jisang/Dynamic-System-Programming-HW/HW4/install/cartpole/share/cartpole/package.xml
[10.278s] Invoked command in '/home/jisang/Dynamic-System-Programming-HW/HW4/build/cartpole' returned '0': CMAKE_PREFIX_PATH=/opt/ros/humble /usr/bin/cmake --install /home/jisang/Dynamic-System-Programming-HW/HW4/build/cartpole
