[0.108s] DEBUG:colcon:Command line arguments: ['/usr/bin/colcon', 'build']
[0.108s] DEBUG:colcon:Parsed command line arguments: Namespace(log_base=None, log_level=None, verb_name='build', build_base='build', install_base='install', merge_install=False, symlink_install=False, test_result_base=None, continue_on_error=False, executor='parallel', parallel_workers=16, event_handlers=None, ignore_user_meta=False, metas=['./colcon.meta'], base_paths=['.'], packages_ignore=None, packages_ignore_regex=None, paths=None, packages_up_to=None, packages_up_to_regex=None, packages_above=None, packages_above_and_dependencies=None, packages_above_depth=None, packages_select_by_dep=None, packages_skip_by_dep=None, packages_skip_up_to=None, packages_select_build_failed=False, packages_skip_build_finished=False, packages_select_test_failures=False, packages_skip_test_passed=False, packages_select=None, packages_skip=None, packages_select_regex=None, packages_skip_regex=None, packages_start=None, packages_end=None, allow_overriding=[], cmake_args=None, cmake_target=None, cmake_target_skip_unavailable=False, cmake_clean_cache=False, cmake_clean_first=False, cmake_force_configure=False, ament_cmake_args=None, catkin_cmake_args=None, catkin_skip_building_tests=False, mixin_files=None, mixin=None, verb_parser=<colcon_mixin.mixin.mixin_argument.MixinArgumentDecorator object at 0x7f8e51f318d0>, verb_extension=<colcon_core.verb.build.BuildVerb object at 0x7f8e5203e020>, main=<bound method BuildVerb.main of <colcon_core.verb.build.BuildVerb object at 0x7f8e5203e020>>, mixin_verb=('build',))
[0.231s] Level 1:colcon.colcon_core.package_discovery:discover_packages(colcon_meta) check parameters
[0.231s] Level 1:colcon.colcon_core.package_discovery:discover_packages(recursive) check parameters
[0.231s] Level 1:colcon.colcon_core.package_discovery:discover_packages(ignore) check parameters
[0.231s] Level 1:colcon.colcon_core.package_discovery:discover_packages(path) check parameters
[0.231s] Level 1:colcon.colcon_core.package_discovery:discover_packages(colcon_meta) discover
[0.231s] Level 1:colcon.colcon_core.package_discovery:discover_packages(recursive) discover
[0.231s] INFO:colcon.colcon_core.package_discovery:Crawling recursively for packages in '/home/jisang/Dynamic-System-Programming-HW/HW4'
[0.231s] Level 1:colcon.colcon_core.package_identification:_identify(.) by extensions ['ignore', 'ignore_ament_install']
[0.231s] Level 1:colcon.colcon_core.package_identification:_identify(.) by extension 'ignore'
[0.231s] Level 1:colcon.colcon_core.package_identification:_identify(.) by extension 'ignore_ament_install'
[0.231s] Level 1:colcon.colcon_core.package_identification:_identify(.) by extensions ['colcon_pkg']
[0.231s] Level 1:colcon.colcon_core.package_identification:_identify(.) by extension 'colcon_pkg'
[0.231s] Level 1:colcon.colcon_core.package_identification:_identify(.) by extensions ['colcon_meta']
[0.231s] Level 1:colcon.colcon_core.package_identification:_identify(.) by extension 'colcon_meta'
[0.232s] Level 1:colcon.colcon_core.package_identification:_identify(.) by extensions ['ros']
[0.232s] Level 1:colcon.colcon_core.package_identification:_identify(.) by extension 'ros'
[0.240s] Level 1:colcon.colcon_core.package_identification:_identify(.) by extensions ['cmake', 'python']
[0.240s] Level 1:colcon.colcon_core.package_identification:_identify(.) by extension 'cmake'
[0.240s] Level 1:colcon.colcon_core.package_identification:_identify(.) by extension 'python'
[0.240s] Level 1:colcon.colcon_core.package_identification:_identify(.) by extensions ['python_setup_py']
[0.240s] Level 1:colcon.colcon_core.package_identification:_identify(.) by extension 'python_setup_py'
[0.240s] Level 1:colcon.colcon_core.package_identification:_identify(build) by extensions ['ignore', 'ignore_ament_install']
[0.240s] Level 1:colcon.colcon_core.package_identification:_identify(build) by extension 'ignore'
[0.240s] Level 1:colcon.colcon_core.package_identification:_identify(build) ignored
[0.240s] Level 1:colcon.colcon_core.package_identification:_identify(cartpole) by extensions ['ignore', 'ignore_ament_install']
[0.240s] Level 1:colcon.colcon_core.package_identification:_identify(cartpole) by extension 'ignore'
[0.240s] Level 1:colcon.colcon_core.package_identification:_identify(cartpole) by extension 'ignore_ament_install'
[0.240s] Level 1:colcon.colcon_core.package_identification:_identify(cartpole) by extensions ['colcon_pkg']
[0.240s] Level 1:colcon.colcon_core.package_identification:_identify(cartpole) by extension 'colcon_pkg'
[0.240s] Level 1:colcon.colcon_core.package_identification:_identify(cartpole) by extensions ['colcon_meta']
[0.240s] Level 1:colcon.colcon_core.package_identification:_identify(cartpole) by extension 'colcon_meta'
[0.240s] Level 1:colcon.colcon_core.package_identification:_identify(cartpole) by extensions ['ros']
[0.240s] Level 1:colcon.colcon_core.package_identification:_identify(cartpole) by extension 'ros'
[0.242s] DEBUG:colcon.colcon_core.package_identification:Package 'cartpole' with type 'ros.ament_cmake' and name 'cartpole'
[0.243s] Level 1:colcon.colcon_core.package_identification:_identify(install) by extensions ['ignore', 'ignore_ament_install']
[0.243s] Level 1:colcon.colcon_core.package_identification:_identify(install) by extension 'ignore'
[0.243s] Level 1:colcon.colcon_core.package_identification:_identify(install) ignored
[0.243s] Level 1:colcon.colcon_core.package_identification:_identify(log) by extensions ['ignore', 'ignore_ament_install']
[0.243s] Level 1:colcon.colcon_core.package_identification:_identify(log) by extension 'ignore'
[0.243s] Level 1:colcon.colcon_core.package_identification:_identify(log) ignored
[0.243s] Level 1:colcon.colcon_core.package_discovery:discover_packages(recursive) using defaults
[0.243s] Level 1:colcon.colcon_core.package_discovery:discover_packages(ignore) discover
[0.243s] Level 1:colcon.colcon_core.package_discovery:discover_packages(ignore) using defaults
[0.243s] Level 1:colcon.colcon_core.package_discovery:discover_packages(path) discover
[0.243s] Level 1:colcon.colcon_core.package_discovery:discover_packages(path) using defaults
[0.259s] Level 1:colcon.colcon_core.package_discovery:discover_packages(prefix_path) check parameters
[0.259s] Level 1:colcon.colcon_core.package_discovery:discover_packages(prefix_path) discover
[0.260s] DEBUG:colcon.colcon_installed_package_information.package_discovery:Found 1 installed packages in /home/jisang/Dynamic-System-Programming-HW/HW4/install
[0.261s] DEBUG:colcon.colcon_installed_package_information.package_discovery:Found 346 installed packages in /opt/ros/humble
[0.269s] Level 1:colcon.colcon_core.package_discovery:discover_packages(prefix_path) using defaults
[0.303s] Level 5:colcon.colcon_core.verb:set package 'cartpole' build argument 'cmake_args' from command line to 'None'
[0.303s] Level 5:colcon.colcon_core.verb:set package 'cartpole' build argument 'cmake_target' from command line to 'None'
[0.303s] Level 5:colcon.colcon_core.verb:set package 'cartpole' build argument 'cmake_target_skip_unavailable' from command line to 'False'
[0.303s] Level 5:colcon.colcon_core.verb:set package 'cartpole' build argument 'cmake_clean_cache' from command line to 'False'
[0.303s] Level 5:colcon.colcon_core.verb:set package 'cartpole' build argument 'cmake_clean_first' from command line to 'False'
[0.303s] Level 5:colcon.colcon_core.verb:set package 'cartpole' build argument 'cmake_force_configure' from command line to 'False'
[0.303s] Level 5:colcon.colcon_core.verb:set package 'cartpole' build argument 'ament_cmake_args' from command line to 'None'
[0.303s] Level 5:colcon.colcon_core.verb:set package 'cartpole' build argument 'catkin_cmake_args' from command line to 'None'
[0.303s] Level 5:colcon.colcon_core.verb:set package 'cartpole' build argument 'catkin_skip_building_tests' from command line to 'False'
[0.303s] DEBUG:colcon.colcon_core.verb:Building package 'cartpole' with the following arguments: {'ament_cmake_args': None, 'build_base': '/home/jisang/Dynamic-System-Programming-HW/HW4/build/cartpole', 'catkin_cmake_args': None, 'catkin_skip_building_tests': False, 'cmake_args': None, 'cmake_clean_cache': False, 'cmake_clean_first': False, 'cmake_force_configure': False, 'cmake_target': None, 'cmake_target_skip_unavailable': False, 'install_base': '/home/jisang/Dynamic-System-Programming-HW/HW4/install/cartpole', 'merge_install': False, 'path': '/home/jisang/Dynamic-System-Programming-HW/HW4/cartpole', 'symlink_install': False, 'test_result_base': None}
[0.303s] INFO:colcon.colcon_core.executor:Executing jobs using 'parallel' executor
[0.304s] DEBUG:colcon.colcon_parallel_executor.executor.parallel:run_until_complete
[0.304s] INFO:colcon.colcon_ros.task.ament_cmake.build:Building ROS package in '/home/jisang/Dynamic-System-Programming-HW/HW4/cartpole' with build type 'ament_cmake'
[0.305s] INFO:colcon.colcon_cmake.task.cmake.build:Building CMake package in '/home/jisang/Dynamic-System-Programming-HW/HW4/cartpole'
[0.306s] INFO:colcon.colcon_core.plugin_system:Skipping extension 'colcon_core.shell.bat': Not used on non-Windows systems
[0.307s] INFO:colcon.colcon_core.shell:Skip shell extension 'powershell' for command environment: Not usable outside of PowerShell
[0.307s] DEBUG:colcon.colcon_core.shell:Skip shell extension 'dsv' for command environment
[0.318s] DEBUG:colcon.colcon_core.event_handler.log_command:Invoking command in '/home/jisang/Dynamic-System-Programming-HW/HW4/build/cartpole': CMAKE_PREFIX_PATH=${CMAKE_PREFIX_PATH}:/opt/ros/humble /usr/bin/cmake --build /home/jisang/Dynamic-System-Programming-HW/HW4/build/cartpole -- -j16 -l16
[7.237s] DEBUG:colcon.colcon_core.event_handler.log_command:Invoked command in '/home/jisang/Dynamic-System-Programming-HW/HW4/build/cartpole' returned '0': CMAKE_PREFIX_PATH=${CMAKE_PREFIX_PATH}:/opt/ros/humble /usr/bin/cmake --build /home/jisang/Dynamic-System-Programming-HW/HW4/build/cartpole -- -j16 -l16
[7.260s] DEBUG:colcon.colcon_core.event_handler.log_command:Invoking command in '/home/jisang/Dynamic-System-Programming-HW/HW4/build/cartpole': CMAKE_PREFIX_PATH=${CMAKE_PREFIX_PATH}:/opt/ros/humble /usr/bin/cmake --install /home/jisang/Dynamic-System-Programming-HW/HW4/build/cartpole
[7.295s] Level 1:colcon.colcon_core.environment:create_environment_scripts_only(cartpole)
[7.296s] DEBUG:colcon.colcon_core.event_handler.log_command:Invoked command in '/home/jisang/Dynamic-System-Programming-HW/HW4/build/cartpole' returned '0': CMAKE_PREFIX_PATH=${CMAKE_PREFIX_PATH}:/opt/ros/humble /usr/bin/cmake --install /home/jisang/Dynamic-System-Programming-HW/HW4/build/cartpole
[7.299s] Level 1:colcon.colcon_core.environment:checking '/home/jisang/Dynamic-System-Programming-HW/HW4/install/cartpole' for CMake module files
[7.299s] Level 1:colcon.colcon_core.environment:checking '/home/jisang/Dynamic-System-Programming-HW/HW4/install/cartpole' for CMake config files
[7.299s] Level 1:colcon.colcon_core.shell:create_environment_hook('cartpole', 'cmake_prefix_path')
[7.300s] INFO:colcon.colcon_core.shell:Creating environment hook '/home/jisang/Dynamic-System-Programming-HW/HW4/install/cartpole/share/cartpole/hook/cmake_prefix_path.ps1'
[7.300s] INFO:colcon.colcon_core.shell:Creating environment descriptor '/home/jisang/Dynamic-System-Programming-HW/HW4/install/cartpole/share/cartpole/hook/cmake_prefix_path.dsv'
[7.301s] INFO:colcon.colcon_core.shell:Creating environment hook '/home/jisang/Dynamic-System-Programming-HW/HW4/install/cartpole/share/cartpole/hook/cmake_prefix_path.sh'
[7.301s] Level 1:colcon.colcon_core.environment:checking '/home/jisang/Dynamic-System-Programming-HW/HW4/install/cartpole/lib'
[7.301s] Level 1:colcon.colcon_core.environment:checking '/home/jisang/Dynamic-System-Programming-HW/HW4/install/cartpole/bin'
[7.302s] Level 1:colcon.colcon_core.environment:checking '/home/jisang/Dynamic-System-Programming-HW/HW4/install/cartpole/lib/pkgconfig/cartpole.pc'
[7.302s] Level 1:colcon.colcon_core.environment:checking '/home/jisang/Dynamic-System-Programming-HW/HW4/install/cartpole/lib/python3.10/site-packages'
[7.302s] Level 1:colcon.colcon_core.environment:checking '/home/jisang/Dynamic-System-Programming-HW/HW4/install/cartpole/bin'
[7.302s] INFO:colcon.colcon_core.shell:Creating package script '/home/jisang/Dynamic-System-Programming-HW/HW4/install/cartpole/share/cartpole/package.ps1'
[7.303s] INFO:colcon.colcon_core.shell:Creating package descriptor '/home/jisang/Dynamic-System-Programming-HW/HW4/install/cartpole/share/cartpole/package.dsv'
[7.303s] INFO:colcon.colcon_core.shell:Creating package script '/home/jisang/Dynamic-System-Programming-HW/HW4/install/cartpole/share/cartpole/package.sh'
[7.304s] INFO:colcon.colcon_core.shell:Creating package script '/home/jisang/Dynamic-System-Programming-HW/HW4/install/cartpole/share/cartpole/package.bash'
[7.304s] INFO:colcon.colcon_core.shell:Creating package script '/home/jisang/Dynamic-System-Programming-HW/HW4/install/cartpole/share/cartpole/package.zsh'
[7.305s] Level 1:colcon.colcon_core.environment:create_file_with_runtime_dependencies(/home/jisang/Dynamic-System-Programming-HW/HW4/install/cartpole/share/colcon-core/packages/cartpole)
[7.319s] Level 1:colcon.colcon_core.environment:create_environment_scripts_only(cartpole)
[7.320s] Level 1:colcon.colcon_core.environment:checking '/home/jisang/Dynamic-System-Programming-HW/HW4/install/cartpole' for CMake module files
[7.320s] Level 1:colcon.colcon_core.environment:checking '/home/jisang/Dynamic-System-Programming-HW/HW4/install/cartpole' for CMake config files
[7.320s] Level 1:colcon.colcon_core.shell:create_environment_hook('cartpole', 'cmake_prefix_path')
[7.320s] INFO:colcon.colcon_core.shell:Creating environment hook '/home/jisang/Dynamic-System-Programming-HW/HW4/install/cartpole/share/cartpole/hook/cmake_prefix_path.ps1'
[7.321s] INFO:colcon.colcon_core.shell:Creating environment descriptor '/home/jisang/Dynamic-System-Programming-HW/HW4/install/cartpole/share/cartpole/hook/cmake_prefix_path.dsv'
[7.321s] INFO:colcon.colcon_core.shell:Creating environment hook '/home/jisang/Dynamic-System-Programming-HW/HW4/install/cartpole/share/cartpole/hook/cmake_prefix_path.sh'
[7.321s] Level 1:colcon.colcon_core.environment:checking '/home/jisang/Dynamic-System-Programming-HW/HW4/install/cartpole/lib'
[7.321s] Level 1:colcon.colcon_core.environment:checking '/home/jisang/Dynamic-System-Programming-HW/HW4/install/cartpole/bin'
[7.322s] Level 1:colcon.colcon_core.environment:checking '/home/jisang/Dynamic-System-Programming-HW/HW4/install/cartpole/lib/pkgconfig/cartpole.pc'
[7.322s] Level 1:colcon.colcon_core.environment:checking '/home/jisang/Dynamic-System-Programming-HW/HW4/install/cartpole/lib/python3.10/site-packages'
[7.322s] Level 1:colcon.colcon_core.environment:checking '/home/jisang/Dynamic-System-Programming-HW/HW4/install/cartpole/bin'
[7.322s] INFO:colcon.colcon_core.shell:Creating package script '/home/jisang/Dynamic-System-Programming-HW/HW4/install/cartpole/share/cartpole/package.ps1'
[7.322s] INFO:colcon.colcon_core.shell:Creating package descriptor '/home/jisang/Dynamic-System-Programming-HW/HW4/install/cartpole/share/cartpole/package.dsv'
[7.323s] INFO:colcon.colcon_core.shell:Creating package script '/home/jisang/Dynamic-System-Programming-HW/HW4/install/cartpole/share/cartpole/package.sh'
[7.323s] INFO:colcon.colcon_core.shell:Creating package script '/home/jisang/Dynamic-System-Programming-HW/HW4/install/cartpole/share/cartpole/package.bash'
[7.324s] INFO:colcon.colcon_core.shell:Creating package script '/home/jisang/Dynamic-System-Programming-HW/HW4/install/cartpole/share/cartpole/package.zsh'
[7.324s] Level 1:colcon.colcon_core.environment:create_file_with_runtime_dependencies(/home/jisang/Dynamic-System-Programming-HW/HW4/install/cartpole/share/colcon-core/packages/cartpole)
[7.324s] DEBUG:colcon.colcon_parallel_executor.executor.parallel:closing loop
[7.325s] DEBUG:colcon.colcon_parallel_executor.executor.parallel:loop closed
[7.325s] DEBUG:colcon.colcon_parallel_executor.executor.parallel:run_until_complete finished with '0'
[7.325s] DEBUG:colcon.colcon_core.event_reactor:joining thread
[7.338s] INFO:colcon.colcon_core.plugin_system:Skipping extension 'colcon_notification.desktop_notification.notify_send': Could not find 'notify-send'
[7.338s] INFO:colcon.colcon_core.plugin_system:Skipping extension 'colcon_notification.desktop_notification.terminal_notifier': Not used on non-Darwin systems
[7.338s] INFO:colcon.colcon_core.plugin_system:Skipping extension 'colcon_notification.desktop_notification.win32': Not used on non-Windows systems
[7.338s] INFO:colcon.colcon_notification.desktop_notification:Sending desktop notification using 'notify2'
[7.340s] DEBUG:colcon.colcon_notification.desktop_notification.notify2:Failed to initialize notify2: org.freedesktop.DBus.Error.ServiceUnknown: The name org.freedesktop.Notifications was not provided by any .service files
[7.341s] DEBUG:colcon.colcon_core.event_reactor:joined thread
[7.341s] INFO:colcon.colcon_core.shell:Creating prefix script '/home/jisang/Dynamic-System-Programming-HW/HW4/install/local_setup.ps1'
[7.342s] INFO:colcon.colcon_core.shell:Creating prefix util module '/home/jisang/Dynamic-System-Programming-HW/HW4/install/_local_setup_util_ps1.py'
[7.344s] INFO:colcon.colcon_core.shell:Creating prefix chain script '/home/jisang/Dynamic-System-Programming-HW/HW4/install/setup.ps1'
[7.345s] INFO:colcon.colcon_core.shell:Creating prefix script '/home/jisang/Dynamic-System-Programming-HW/HW4/install/local_setup.sh'
[7.345s] INFO:colcon.colcon_core.shell:Creating prefix util module '/home/jisang/Dynamic-System-Programming-HW/HW4/install/_local_setup_util_sh.py'
[7.346s] INFO:colcon.colcon_core.shell:Creating prefix chain script '/home/jisang/Dynamic-System-Programming-HW/HW4/install/setup.sh'
[7.347s] INFO:colcon.colcon_core.shell:Creating prefix script '/home/jisang/Dynamic-System-Programming-HW/HW4/install/local_setup.bash'
[7.347s] INFO:colcon.colcon_core.shell:Creating prefix chain script '/home/jisang/Dynamic-System-Programming-HW/HW4/install/setup.bash'
[7.348s] INFO:colcon.colcon_core.shell:Creating prefix script '/home/jisang/Dynamic-System-Programming-HW/HW4/install/local_setup.zsh'
[7.348s] INFO:colcon.colcon_core.shell:Creating prefix chain script '/home/jisang/Dynamic-System-Programming-HW/HW4/install/setup.zsh'
