[1.313s] DEBUG:colcon:Command line arguments: ['/usr/bin/colcon', 'build']
[1.313s] DEBUG:colcon:Parsed command line arguments: Namespace(log_base=None, log_level=None, verb_name='build', build_base='build', install_base='install', merge_install=False, symlink_install=False, test_result_base=None, continue_on_error=False, executor='parallel', parallel_workers=4, event_handlers=None, ignore_user_meta=False, metas=['./colcon.meta'], base_paths=['.'], packages_ignore=None, packages_ignore_regex=None, paths=None, packages_up_to=None, packages_up_to_regex=None, packages_above=None, packages_above_and_dependencies=None, packages_above_depth=None, packages_select_by_dep=None, packages_skip_by_dep=None, packages_skip_up_to=None, packages_select_build_failed=False, packages_skip_build_finished=False, packages_select_test_failures=False, packages_skip_test_passed=False, packages_select=None, packages_skip=None, packages_select_regex=None, packages_skip_regex=None, packages_start=None, packages_end=None, allow_overriding=[], cmake_args=None, cmake_target=None, cmake_target_skip_unavailable=False, cmake_clean_cache=False, cmake_clean_first=False, cmake_force_configure=False, ament_cmake_args=None, catkin_cmake_args=None, catkin_skip_building_tests=False, verb_parser=<colcon_defaults.argument_parser.defaults.DefaultArgumentsDecorator object at 0x7f2ef72df790>, verb_extension=<colcon_core.verb.build.BuildVerb object at 0x7f2ef75f6c50>, main=<bound method BuildVerb.main of <colcon_core.verb.build.BuildVerb object at 0x7f2ef75f6c50>>)
[1.382s] Level 1:colcon.colcon_core.package_discovery:discover_packages(colcon_meta) check parameters
[1.382s] Level 1:colcon.colcon_core.package_discovery:discover_packages(recursive) check parameters
[1.382s] Level 1:colcon.colcon_core.package_discovery:discover_packages(ignore) check parameters
[1.382s] Level 1:colcon.colcon_core.package_discovery:discover_packages(path) check parameters
[1.383s] Level 1:colcon.colcon_core.package_discovery:discover_packages(colcon_meta) discover
[1.383s] Level 1:colcon.colcon_core.package_discovery:discover_packages(recursive) discover
[1.383s] INFO:colcon.colcon_core.package_discovery:Crawling recursively for packages in '/home/jisang/Dynamic-System-Programming-HW/hw3/rosws'
[1.383s] Level 1:colcon.colcon_core.package_identification:_identify(.) by extensions ['ignore', 'ignore_ament_install']
[1.383s] Level 1:colcon.colcon_core.package_identification:_identify(.) by extension 'ignore'
[1.383s] Level 1:colcon.colcon_core.package_identification:_identify(.) by extension 'ignore_ament_install'
[1.384s] Level 1:colcon.colcon_core.package_identification:_identify(.) by extensions ['colcon_pkg']
[1.384s] Level 1:colcon.colcon_core.package_identification:_identify(.) by extension 'colcon_pkg'
[1.384s] Level 1:colcon.colcon_core.package_identification:_identify(.) by extensions ['colcon_meta']
[1.384s] Level 1:colcon.colcon_core.package_identification:_identify(.) by extension 'colcon_meta'
[1.384s] Level 1:colcon.colcon_core.package_identification:_identify(.) by extensions ['ros']
[1.384s] Level 1:colcon.colcon_core.package_identification:_identify(.) by extension 'ros'
[1.404s] Level 1:colcon.colcon_core.package_identification:_identify(.) by extensions ['cmake', 'python']
[1.404s] Level 1:colcon.colcon_core.package_identification:_identify(.) by extension 'cmake'
[1.404s] Level 1:colcon.colcon_core.package_identification:_identify(.) by extension 'python'
[1.404s] Level 1:colcon.colcon_core.package_identification:_identify(.) by extensions ['python_setup_py']
[1.404s] Level 1:colcon.colcon_core.package_identification:_identify(.) by extension 'python_setup_py'
[1.405s] Level 1:colcon.colcon_core.package_identification:_identify(build) by extensions ['ignore', 'ignore_ament_install']
[1.405s] Level 1:colcon.colcon_core.package_identification:_identify(build) by extension 'ignore'
[1.405s] Level 1:colcon.colcon_core.package_identification:_identify(build) ignored
[1.406s] Level 1:colcon.colcon_core.package_identification:_identify(install) by extensions ['ignore', 'ignore_ament_install']
[1.406s] Level 1:colcon.colcon_core.package_identification:_identify(install) by extension 'ignore'
[1.406s] Level 1:colcon.colcon_core.package_identification:_identify(install) ignored
[1.406s] Level 1:colcon.colcon_core.package_identification:_identify(log) by extensions ['ignore', 'ignore_ament_install']
[1.406s] Level 1:colcon.colcon_core.package_identification:_identify(log) by extension 'ignore'
[1.407s] Level 1:colcon.colcon_core.package_identification:_identify(log) ignored
[1.407s] Level 1:colcon.colcon_core.package_identification:_identify(src) by extensions ['ignore', 'ignore_ament_install']
[1.407s] Level 1:colcon.colcon_core.package_identification:_identify(src) by extension 'ignore'
[1.407s] Level 1:colcon.colcon_core.package_identification:_identify(src) by extension 'ignore_ament_install'
[1.407s] Level 1:colcon.colcon_core.package_identification:_identify(src) by extensions ['colcon_pkg']
[1.408s] Level 1:colcon.colcon_core.package_identification:_identify(src) by extension 'colcon_pkg'
[1.408s] Level 1:colcon.colcon_core.package_identification:_identify(src) by extensions ['colcon_meta']
[1.408s] Level 1:colcon.colcon_core.package_identification:_identify(src) by extension 'colcon_meta'
[1.408s] Level 1:colcon.colcon_core.package_identification:_identify(src) by extensions ['ros']
[1.408s] Level 1:colcon.colcon_core.package_identification:_identify(src) by extension 'ros'
[1.408s] Level 1:colcon.colcon_core.package_identification:_identify(src) by extensions ['cmake', 'python']
[1.408s] Level 1:colcon.colcon_core.package_identification:_identify(src) by extension 'cmake'
[1.408s] Level 1:colcon.colcon_core.package_identification:_identify(src) by extension 'python'
[1.409s] Level 1:colcon.colcon_core.package_identification:_identify(src) by extensions ['python_setup_py']
[1.409s] Level 1:colcon.colcon_core.package_identification:_identify(src) by extension 'python_setup_py'
[1.409s] Level 1:colcon.colcon_core.package_identification:_identify(src/four_bar_linkage) by extensions ['ignore', 'ignore_ament_install']
[1.409s] Level 1:colcon.colcon_core.package_identification:_identify(src/four_bar_linkage) by extension 'ignore'
[1.409s] Level 1:colcon.colcon_core.package_identification:_identify(src/four_bar_linkage) by extension 'ignore_ament_install'
[1.409s] Level 1:colcon.colcon_core.package_identification:_identify(src/four_bar_linkage) by extensions ['colcon_pkg']
[1.409s] Level 1:colcon.colcon_core.package_identification:_identify(src/four_bar_linkage) by extension 'colcon_pkg'
[1.409s] Level 1:colcon.colcon_core.package_identification:_identify(src/four_bar_linkage) by extensions ['colcon_meta']
[1.409s] Level 1:colcon.colcon_core.package_identification:_identify(src/four_bar_linkage) by extension 'colcon_meta'
[1.409s] Level 1:colcon.colcon_core.package_identification:_identify(src/four_bar_linkage) by extensions ['ros']
[1.410s] Level 1:colcon.colcon_core.package_identification:_identify(src/four_bar_linkage) by extension 'ros'
[1.415s] DEBUG:colcon.colcon_core.package_identification:Package 'src/four_bar_linkage' with type 'ros.ament_cmake' and name 'four_bar_linkage'
[1.415s] Level 1:colcon.colcon_core.package_discovery:discover_packages(recursive) using defaults
[1.415s] Level 1:colcon.colcon_core.package_discovery:discover_packages(ignore) discover
[1.416s] Level 1:colcon.colcon_core.package_discovery:discover_packages(ignore) using defaults
[1.416s] Level 1:colcon.colcon_core.package_discovery:discover_packages(path) discover
[1.416s] Level 1:colcon.colcon_core.package_discovery:discover_packages(path) using defaults
[1.537s] Level 1:colcon.colcon_core.package_discovery:discover_packages(prefix_path) check parameters
[1.537s] Level 1:colcon.colcon_core.package_discovery:discover_packages(prefix_path) discover
[1.574s] DEBUG:colcon.colcon_installed_package_information.package_discovery:Found 346 installed packages in /opt/ros/humble
[1.576s] Level 1:colcon.colcon_core.package_discovery:discover_packages(prefix_path) using defaults
[1.743s] Level 5:colcon.colcon_core.verb:set package 'four_bar_linkage' build argument 'cmake_args' from command line to 'None'
[1.744s] Level 5:colcon.colcon_core.verb:set package 'four_bar_linkage' build argument 'cmake_target' from command line to 'None'
[1.744s] Level 5:colcon.colcon_core.verb:set package 'four_bar_linkage' build argument 'cmake_target_skip_unavailable' from command line to 'False'
[1.744s] Level 5:colcon.colcon_core.verb:set package 'four_bar_linkage' build argument 'cmake_clean_cache' from command line to 'False'
[1.744s] Level 5:colcon.colcon_core.verb:set package 'four_bar_linkage' build argument 'cmake_clean_first' from command line to 'False'
[1.744s] Level 5:colcon.colcon_core.verb:set package 'four_bar_linkage' build argument 'cmake_force_configure' from command line to 'False'
[1.744s] Level 5:colcon.colcon_core.verb:set package 'four_bar_linkage' build argument 'ament_cmake_args' from command line to 'None'
[1.744s] Level 5:colcon.colcon_core.verb:set package 'four_bar_linkage' build argument 'catkin_cmake_args' from command line to 'None'
[1.744s] Level 5:colcon.colcon_core.verb:set package 'four_bar_linkage' build argument 'catkin_skip_building_tests' from command line to 'False'
[1.744s] DEBUG:colcon.colcon_core.verb:Building package 'four_bar_linkage' with the following arguments: {'ament_cmake_args': None, 'build_base': '/home/jisang/Dynamic-System-Programming-HW/hw3/rosws/build/four_bar_linkage', 'catkin_cmake_args': None, 'catkin_skip_building_tests': False, 'cmake_args': None, 'cmake_clean_cache': False, 'cmake_clean_first': False, 'cmake_force_configure': False, 'cmake_target': None, 'cmake_target_skip_unavailable': False, 'install_base': '/home/jisang/Dynamic-System-Programming-HW/hw3/rosws/install/four_bar_linkage', 'merge_install': False, 'path': '/home/jisang/Dynamic-System-Programming-HW/hw3/rosws/src/four_bar_linkage', 'symlink_install': False, 'test_result_base': None}
[1.761s] INFO:colcon.colcon_core.executor:Executing jobs using 'parallel' executor
[1.781s] DEBUG:colcon.colcon_parallel_executor.executor.parallel:run_until_complete
[1.782s] INFO:colcon.colcon_ros.task.ament_cmake.build:Building ROS package in '/home/jisang/Dynamic-System-Programming-HW/hw3/rosws/src/four_bar_linkage' with build type 'ament_cmake'
[1.782s] INFO:colcon.colcon_cmake.task.cmake.build:Building CMake package in '/home/jisang/Dynamic-System-Programming-HW/hw3/rosws/src/four_bar_linkage'
[1.806s] INFO:colcon.colcon_core.plugin_system:Skipping extension 'colcon_core.shell.bat': Not used on non-Windows systems
[1.807s] INFO:colcon.colcon_core.shell:Skip shell extension 'powershell' for command environment: Not usable outside of PowerShell
[1.807s] DEBUG:colcon.colcon_core.shell:Skip shell extension 'dsv' for command environment
[1.851s] DEBUG:colcon.colcon_core.event_handler.log_command:Invoking command in '/home/jisang/Dynamic-System-Programming-HW/hw3/rosws/build/four_bar_linkage': CMAKE_PREFIX_PATH=/opt/ros/humble /usr/bin/cmake --build /home/jisang/Dynamic-System-Programming-HW/hw3/rosws/build/four_bar_linkage -- -j4 -l4
[1.903s] DEBUG:colcon.colcon_core.event_handler.log_command:Invoked command in '/home/jisang/Dynamic-System-Programming-HW/hw3/rosws/build/four_bar_linkage' returned '0': CMAKE_PREFIX_PATH=/opt/ros/humble /usr/bin/cmake --build /home/jisang/Dynamic-System-Programming-HW/hw3/rosws/build/four_bar_linkage -- -j4 -l4
[1.941s] DEBUG:colcon.colcon_core.event_handler.log_command:Invoking command in '/home/jisang/Dynamic-System-Programming-HW/hw3/rosws/build/four_bar_linkage': CMAKE_PREFIX_PATH=/opt/ros/humble /usr/bin/cmake --install /home/jisang/Dynamic-System-Programming-HW/hw3/rosws/build/four_bar_linkage
[1.960s] Level 1:colcon.colcon_core.environment:create_environment_scripts_only(four_bar_linkage)
[1.968s] DEBUG:colcon.colcon_core.event_handler.log_command:Invoked command in '/home/jisang/Dynamic-System-Programming-HW/hw3/rosws/build/four_bar_linkage' returned '0': CMAKE_PREFIX_PATH=/opt/ros/humble /usr/bin/cmake --install /home/jisang/Dynamic-System-Programming-HW/hw3/rosws/build/four_bar_linkage
[1.994s] Level 1:colcon.colcon_core.environment:checking '/home/jisang/Dynamic-System-Programming-HW/hw3/rosws/install/four_bar_linkage' for CMake module files
[1.995s] Level 1:colcon.colcon_core.environment:checking '/home/jisang/Dynamic-System-Programming-HW/hw3/rosws/install/four_bar_linkage' for CMake config files
[1.995s] Level 1:colcon.colcon_core.shell:create_environment_hook('four_bar_linkage', 'cmake_prefix_path')
[2.022s] INFO:colcon.colcon_core.shell:Creating environment hook '/home/jisang/Dynamic-System-Programming-HW/hw3/rosws/install/four_bar_linkage/share/four_bar_linkage/hook/cmake_prefix_path.ps1'
[2.023s] INFO:colcon.colcon_core.shell:Creating environment descriptor '/home/jisang/Dynamic-System-Programming-HW/hw3/rosws/install/four_bar_linkage/share/four_bar_linkage/hook/cmake_prefix_path.dsv'
[2.023s] INFO:colcon.colcon_core.shell:Creating environment hook '/home/jisang/Dynamic-System-Programming-HW/hw3/rosws/install/four_bar_linkage/share/four_bar_linkage/hook/cmake_prefix_path.sh'
[2.025s] Level 1:colcon.colcon_core.environment:checking '/home/jisang/Dynamic-System-Programming-HW/hw3/rosws/install/four_bar_linkage/bin'
[2.025s] Level 1:colcon.colcon_core.environment:checking '/home/jisang/Dynamic-System-Programming-HW/hw3/rosws/install/four_bar_linkage/lib/pkgconfig/four_bar_linkage.pc'
[2.025s] Level 1:colcon.colcon_core.environment:checking '/home/jisang/Dynamic-System-Programming-HW/hw3/rosws/install/four_bar_linkage/lib/python3.10/site-packages'
[2.026s] Level 1:colcon.colcon_core.environment:checking '/home/jisang/Dynamic-System-Programming-HW/hw3/rosws/install/four_bar_linkage/bin'
[2.047s] INFO:colcon.colcon_core.shell:Creating package script '/home/jisang/Dynamic-System-Programming-HW/hw3/rosws/install/four_bar_linkage/share/four_bar_linkage/package.ps1'
[2.051s] INFO:colcon.colcon_core.shell:Creating package descriptor '/home/jisang/Dynamic-System-Programming-HW/hw3/rosws/install/four_bar_linkage/share/four_bar_linkage/package.dsv'
[2.052s] INFO:colcon.colcon_core.shell:Creating package script '/home/jisang/Dynamic-System-Programming-HW/hw3/rosws/install/four_bar_linkage/share/four_bar_linkage/package.sh'
[2.053s] INFO:colcon.colcon_core.shell:Creating package script '/home/jisang/Dynamic-System-Programming-HW/hw3/rosws/install/four_bar_linkage/share/four_bar_linkage/package.bash'
[2.054s] INFO:colcon.colcon_core.shell:Creating package script '/home/jisang/Dynamic-System-Programming-HW/hw3/rosws/install/four_bar_linkage/share/four_bar_linkage/package.zsh'
[2.055s] Level 1:colcon.colcon_core.environment:create_file_with_runtime_dependencies(/home/jisang/Dynamic-System-Programming-HW/hw3/rosws/install/four_bar_linkage/share/colcon-core/packages/four_bar_linkage)
[2.098s] Level 1:colcon.colcon_core.environment:create_environment_scripts_only(four_bar_linkage)
[2.116s] Level 1:colcon.colcon_core.environment:checking '/home/jisang/Dynamic-System-Programming-HW/hw3/rosws/install/four_bar_linkage' for CMake module files
[2.116s] Level 1:colcon.colcon_core.environment:checking '/home/jisang/Dynamic-System-Programming-HW/hw3/rosws/install/four_bar_linkage' for CMake config files
[2.117s] Level 1:colcon.colcon_core.shell:create_environment_hook('four_bar_linkage', 'cmake_prefix_path')
[2.133s] INFO:colcon.colcon_core.shell:Creating environment hook '/home/jisang/Dynamic-System-Programming-HW/hw3/rosws/install/four_bar_linkage/share/four_bar_linkage/hook/cmake_prefix_path.ps1'
[2.133s] INFO:colcon.colcon_core.shell:Creating environment descriptor '/home/jisang/Dynamic-System-Programming-HW/hw3/rosws/install/four_bar_linkage/share/four_bar_linkage/hook/cmake_prefix_path.dsv'
[2.134s] INFO:colcon.colcon_core.shell:Creating environment hook '/home/jisang/Dynamic-System-Programming-HW/hw3/rosws/install/four_bar_linkage/share/four_bar_linkage/hook/cmake_prefix_path.sh'
[2.134s] Level 1:colcon.colcon_core.environment:checking '/home/jisang/Dynamic-System-Programming-HW/hw3/rosws/install/four_bar_linkage/bin'
[2.135s] Level 1:colcon.colcon_core.environment:checking '/home/jisang/Dynamic-System-Programming-HW/hw3/rosws/install/four_bar_linkage/lib/pkgconfig/four_bar_linkage.pc'
[2.135s] Level 1:colcon.colcon_core.environment:checking '/home/jisang/Dynamic-System-Programming-HW/hw3/rosws/install/four_bar_linkage/lib/python3.10/site-packages'
[2.135s] Level 1:colcon.colcon_core.environment:checking '/home/jisang/Dynamic-System-Programming-HW/hw3/rosws/install/four_bar_linkage/bin'
[2.151s] INFO:colcon.colcon_core.shell:Creating package script '/home/jisang/Dynamic-System-Programming-HW/hw3/rosws/install/four_bar_linkage/share/four_bar_linkage/package.ps1'
[2.152s] INFO:colcon.colcon_core.shell:Creating package descriptor '/home/jisang/Dynamic-System-Programming-HW/hw3/rosws/install/four_bar_linkage/share/four_bar_linkage/package.dsv'
[2.152s] INFO:colcon.colcon_core.shell:Creating package script '/home/jisang/Dynamic-System-Programming-HW/hw3/rosws/install/four_bar_linkage/share/four_bar_linkage/package.sh'
[2.153s] INFO:colcon.colcon_core.shell:Creating package script '/home/jisang/Dynamic-System-Programming-HW/hw3/rosws/install/four_bar_linkage/share/four_bar_linkage/package.bash'
[2.153s] INFO:colcon.colcon_core.shell:Creating package script '/home/jisang/Dynamic-System-Programming-HW/hw3/rosws/install/four_bar_linkage/share/four_bar_linkage/package.zsh'
[2.154s] Level 1:colcon.colcon_core.environment:create_file_with_runtime_dependencies(/home/jisang/Dynamic-System-Programming-HW/hw3/rosws/install/four_bar_linkage/share/colcon-core/packages/four_bar_linkage)
[2.154s] DEBUG:colcon.colcon_parallel_executor.executor.parallel:closing loop
[2.155s] DEBUG:colcon.colcon_parallel_executor.executor.parallel:loop closed
[2.156s] DEBUG:colcon.colcon_parallel_executor.executor.parallel:run_until_complete finished with '0'
[2.156s] DEBUG:colcon.colcon_core.event_reactor:joining thread
[2.157s] DEBUG:colcon.colcon_core.event_reactor:joined thread
[2.173s] INFO:colcon.colcon_core.shell:Creating prefix script '/home/jisang/Dynamic-System-Programming-HW/hw3/rosws/install/local_setup.ps1'
[2.175s] INFO:colcon.colcon_core.shell:Creating prefix util module '/home/jisang/Dynamic-System-Programming-HW/hw3/rosws/install/_local_setup_util_ps1.py'
[2.177s] INFO:colcon.colcon_core.shell:Creating prefix chain script '/home/jisang/Dynamic-System-Programming-HW/hw3/rosws/install/setup.ps1'
[2.197s] INFO:colcon.colcon_core.shell:Creating prefix script '/home/jisang/Dynamic-System-Programming-HW/hw3/rosws/install/local_setup.sh'
[2.197s] INFO:colcon.colcon_core.shell:Creating prefix util module '/home/jisang/Dynamic-System-Programming-HW/hw3/rosws/install/_local_setup_util_sh.py'
[2.198s] INFO:colcon.colcon_core.shell:Creating prefix chain script '/home/jisang/Dynamic-System-Programming-HW/hw3/rosws/install/setup.sh'
[2.216s] INFO:colcon.colcon_core.shell:Creating prefix script '/home/jisang/Dynamic-System-Programming-HW/hw3/rosws/install/local_setup.bash'
[2.217s] INFO:colcon.colcon_core.shell:Creating prefix chain script '/home/jisang/Dynamic-System-Programming-HW/hw3/rosws/install/setup.bash'
[2.235s] INFO:colcon.colcon_core.shell:Creating prefix script '/home/jisang/Dynamic-System-Programming-HW/hw3/rosws/install/local_setup.zsh'
[2.236s] INFO:colcon.colcon_core.shell:Creating prefix chain script '/home/jisang/Dynamic-System-Programming-HW/hw3/rosws/install/setup.zsh'
